{"D:\\project\\demo\\candy-paper\\src\\core.ts": {"path":"D:\\project\\demo\\candy-paper\\src\\core.ts","statementMap":{"0":{"start":{"line":3,"column":0},"end":{"line":3,"column":43}},"1":{"start":{"line":10,"column":16},"end":{"line":13,"column":null}},"2":{"start":{"line":28,"column":4},"end":{"line":28,"column":null}},"3":{"start":{"line":33,"column":32},"end":{"line":33,"column":92}},"4":{"start":{"line":33,"column":85},"end":{"line":33,"column":91}},"5":{"start":{"line":34,"column":33},"end":{"line":34,"column":94}},"6":{"start":{"line":34,"column":87},"end":{"line":34,"column":93}},"7":{"start":{"line":35,"column":28},"end":{"line":35,"column":60}},"8":{"start":{"line":36,"column":29},"end":{"line":36,"column":62}},"9":{"start":{"line":38,"column":4},"end":{"line":38,"column":null}},"10":{"start":{"line":38,"column":33},"end":{"line":38,"column":68}},"11":{"start":{"line":39,"column":4},"end":{"line":39,"column":null}},"12":{"start":{"line":39,"column":34},"end":{"line":39,"column":70}},"13":{"start":{"line":41,"column":28},"end":{"line":41,"column":65}},"14":{"start":{"line":42,"column":4},"end":{"line":45,"column":21}},"15":{"start":{"line":45,"column":17},"end":{"line":45,"column":19}},"16":{"start":{"line":47,"column":28},"end":{"line":47,"column":66}},"17":{"start":{"line":48,"column":4},"end":{"line":51,"column":null}},"18":{"start":{"line":55,"column":4},"end":{"line":55,"column":null}},"19":{"start":{"line":56,"column":4},"end":{"line":56,"column":null}},"20":{"start":{"line":60,"column":4},"end":{"line":64,"column":null}},"21":{"start":{"line":68,"column":4},"end":{"line":72,"column":null}},"22":{"start":{"line":6,"column":0},"end":{"line":6,"column":13}}},"fnMap":{"0":{"name":"(anonymous_0)","decl":{"start":{"line":27,"column":2},"end":{"line":27,"column":14}},"loc":{"start":{"line":27,"column":42},"end":{"line":29,"column":3}}},"1":{"name":"(anonymous_1)","decl":{"start":{"line":32,"column":12},"end":{"line":32,"column":29}},"loc":{"start":{"line":32,"column":53},"end":{"line":52,"column":3}}},"2":{"name":"(anonymous_2)","decl":{"start":{"line":33,"column":80},"end":{"line":33,"column":81}},"loc":{"start":{"line":33,"column":85},"end":{"line":33,"column":91}}},"3":{"name":"(anonymous_3)","decl":{"start":{"line":34,"column":82},"end":{"line":34,"column":83}},"loc":{"start":{"line":34,"column":87},"end":{"line":34,"column":93}}},"4":{"name":"(anonymous_4)","decl":{"start":{"line":38,"column":28},"end":{"line":38,"column":29}},"loc":{"start":{"line":38,"column":33},"end":{"line":38,"column":68}}},"5":{"name":"(anonymous_5)","decl":{"start":{"line":39,"column":29},"end":{"line":39,"column":30}},"loc":{"start":{"line":39,"column":34},"end":{"line":39,"column":70}}},"6":{"name":"(anonymous_6)","decl":{"start":{"line":45,"column":11},"end":{"line":45,"column":14}},"loc":{"start":{"line":45,"column":17},"end":{"line":45,"column":19}}},"7":{"name":"(anonymous_7)","decl":{"start":{"line":54,"column":2},"end":{"line":54,"column":9}},"loc":{"start":{"line":54,"column":37},"end":{"line":57,"column":3}}},"8":{"name":"(anonymous_8)","decl":{"start":{"line":59,"column":2},"end":{"line":59,"column":5}},"loc":{"start":{"line":59,"column":77},"end":{"line":65,"column":3}}},"9":{"name":"(anonymous_9)","decl":{"start":{"line":67,"column":2},"end":{"line":67,"column":6}},"loc":{"start":{"line":67,"column":78},"end":{"line":73,"column":3}}}},"branchMap":{"0":{"loc":{"start":{"line":35,"column":28},"end":{"line":35,"column":60}},"type":"binary-expr","locations":[{"start":{"line":35,"column":28},"end":{"line":35,"column":54}},{"start":{"line":35,"column":58},"end":{"line":35,"column":60}}]},"1":{"loc":{"start":{"line":36,"column":29},"end":{"line":36,"column":62}},"type":"binary-expr","locations":[{"start":{"line":36,"column":29},"end":{"line":36,"column":56}},{"start":{"line":36,"column":60},"end":{"line":36,"column":62}}]}},"s":{"0":1,"1":1,"2":1,"3":1,"4":0,"5":1,"6":0,"7":1,"8":1,"9":1,"10":0,"11":1,"12":0,"13":1,"14":1,"15":0,"16":1,"17":1,"18":1,"19":1,"20":1,"21":0,"22":1},"f":{"0":1,"1":1,"2":0,"3":0,"4":0,"5":0,"6":0,"7":1,"8":1,"9":0},"b":{"0":[1,1],"1":[1,1]}}
,"D:\\project\\demo\\candy-paper\\src\\interceptor\\index.ts": {"path":"D:\\project\\demo\\candy-paper\\src\\interceptor\\index.ts","statementMap":{"0":{"start":{"line":8,"column":0},"end":{"line":8,"column":40}},"1":{"start":{"line":24,"column":49},"end":{"line":24,"column":59}},"2":{"start":{"line":28,"column":4},"end":{"line":28,"column":null}},"3":{"start":{"line":62,"column":4},"end":{"line":64,"column":null}},"4":{"start":{"line":63,"column":6},"end":{"line":63,"column":null}},"5":{"start":{"line":66,"column":20},"end":{"line":66,"column":70}},"6":{"start":{"line":67,"column":4},"end":{"line":67,"column":null}},"7":{"start":{"line":69,"column":4},"end":{"line":69,"column":null}},"8":{"start":{"line":84,"column":5},"end":{"line":86,"column":null}},"9":{"start":{"line":85,"column":6},"end":{"line":85,"column":null}},"10":{"start":{"line":88,"column":20},"end":{"line":88,"column":70}},"11":{"start":{"line":89,"column":4},"end":{"line":92,"column":null}},"12":{"start":{"line":94,"column":4},"end":{"line":94,"column":null}},"13":{"start":{"line":100,"column":23},"end":{"line":100,"column":28}},"14":{"start":{"line":103,"column":4},"end":{"line":107,"column":null}},"15":{"start":{"line":104,"column":6},"end":{"line":104,"column":null}},"16":{"start":{"line":105,"column":6},"end":{"line":105,"column":null}},"17":{"start":{"line":106,"column":6},"end":{"line":106,"column":null}},"18":{"start":{"line":109,"column":4},"end":{"line":116,"column":null}},"19":{"start":{"line":110,"column":22},"end":{"line":110,"column":50}},"20":{"start":{"line":111,"column":6},"end":{"line":111,"column":null}},"21":{"start":{"line":112,"column":6},"end":{"line":112,"column":null}},"22":{"start":{"line":113,"column":6},"end":{"line":113,"column":null}},"23":{"start":{"line":114,"column":6},"end":{"line":114,"column":null}},"24":{"start":{"line":115,"column":6},"end":{"line":115,"column":null}},"25":{"start":{"line":118,"column":4},"end":{"line":120,"column":null}},"26":{"start":{"line":119,"column":6},"end":{"line":119,"column":null}},"27":{"start":{"line":122,"column":4},"end":{"line":124,"column":null}},"28":{"start":{"line":123,"column":6},"end":{"line":123,"column":null}},"29":{"start":{"line":126,"column":4},"end":{"line":126,"column":null}},"30":{"start":{"line":128,"column":4},"end":{"line":134,"column":null}},"31":{"start":{"line":163,"column":4},"end":{"line":167,"column":null}},"32":{"start":{"line":164,"column":8},"end":{"line":164,"column":null}},"33":{"start":{"line":166,"column":6},"end":{"line":166,"column":null}},"34":{"start":{"line":169,"column":4},"end":{"line":169,"column":null}},"35":{"start":{"line":175,"column":4},"end":{"line":175,"column":null}},"36":{"start":{"line":182,"column":20},"end":{"line":182,"column":94}},"37":{"start":{"line":182,"column":90},"end":{"line":182,"column":94}},"38":{"start":{"line":183,"column":17},"end":{"line":183,"column":40}},"39":{"start":{"line":186,"column":4},"end":{"line":199,"column":null}},"40":{"start":{"line":187,"column":22},"end":{"line":187,"column":45}},"41":{"start":{"line":190,"column":6},"end":{"line":192,"column":null}},"42":{"start":{"line":191,"column":8},"end":{"line":191,"column":null}},"43":{"start":{"line":193,"column":6},"end":{"line":198,"column":null}},"44":{"start":{"line":205,"column":4},"end":{"line":205,"column":null}},"45":{"start":{"line":205,"column":41},"end":{"line":205,"column":92}},"46":{"start":{"line":205,"column":68},"end":{"line":205,"column":91}},"47":{"start":{"line":210,"column":4},"end":{"line":210,"column":null}},"48":{"start":{"line":210,"column":41},"end":{"line":210,"column":91}},"49":{"start":{"line":210,"column":68},"end":{"line":210,"column":90}},"50":{"start":{"line":21,"column":0},"end":{"line":21,"column":13}}},"fnMap":{"0":{"name":"(anonymous_0)","decl":{"start":{"line":27,"column":2},"end":{"line":27,"column":14}},"loc":{"start":{"line":27,"column":14},"end":{"line":29,"column":3}}},"1":{"name":"(anonymous_1)","decl":{"start":{"line":60,"column":2},"end":{"line":60,"column":5}},"loc":{"start":{"line":60,"column":108},"end":{"line":70,"column":3}}},"2":{"name":"(anonymous_2)","decl":{"start":{"line":83,"column":2},"end":{"line":83,"column":9}},"loc":{"start":{"line":83,"column":112},"end":{"line":95,"column":3}}},"3":{"name":"(anonymous_3)","decl":{"start":{"line":98,"column":2},"end":{"line":98,"column":17}},"loc":{"start":{"line":98,"column":119},"end":{"line":136,"column":3}}},"4":{"name":"(anonymous_4)","decl":{"start":{"line":161,"column":2},"end":{"line":161,"column":7}},"loc":{"start":{"line":161,"column":33},"end":{"line":171,"column":3}}},"5":{"name":"(anonymous_5)","decl":{"start":{"line":174,"column":2},"end":{"line":174,"column":7}},"loc":{"start":{"line":174,"column":7},"end":{"line":176,"column":3}}},"6":{"name":"(anonymous_6)","decl":{"start":{"line":179,"column":2},"end":{"line":179,"column":9}},"loc":{"start":{"line":179,"column":33},"end":{"line":201,"column":3}}},"7":{"name":"(anonymous_7)","decl":{"start":{"line":182,"column":68},"end":{"line":182,"column":69}},"loc":{"start":{"line":182,"column":90},"end":{"line":182,"column":94}}},"8":{"name":"(anonymous_8)","decl":{"start":{"line":186,"column":31},"end":{"line":186,"column":32}},"loc":{"start":{"line":186,"column":45},"end":{"line":199,"column":5}}},"9":{"name":"(anonymous_9)","decl":{"start":{"line":204,"column":2},"end":{"line":204,"column":8}},"loc":{"start":{"line":204,"column":43},"end":{"line":206,"column":3}}},"10":{"name":"(anonymous_10)","decl":{"start":{"line":205,"column":11},"end":{"line":205,"column":12}},"loc":{"start":{"line":205,"column":41},"end":{"line":205,"column":92}}},"11":{"name":"(anonymous_11)","decl":{"start":{"line":205,"column":61},"end":{"line":205,"column":64}},"loc":{"start":{"line":205,"column":68},"end":{"line":205,"column":91}}},"12":{"name":"(anonymous_12)","decl":{"start":{"line":209,"column":2},"end":{"line":209,"column":8}},"loc":{"start":{"line":209,"column":43},"end":{"line":211,"column":3}}},"13":{"name":"(anonymous_13)","decl":{"start":{"line":210,"column":11},"end":{"line":210,"column":12}},"loc":{"start":{"line":210,"column":41},"end":{"line":210,"column":91}}},"14":{"name":"(anonymous_14)","decl":{"start":{"line":210,"column":61},"end":{"line":210,"column":64}},"loc":{"start":{"line":210,"column":68},"end":{"line":210,"column":90}}}},"branchMap":{"0":{"loc":{"start":{"line":62,"column":4},"end":{"line":64,"column":null}},"type":"if","locations":[{"start":{"line":62,"column":4},"end":{"line":64,"column":null}}]},"1":{"loc":{"start":{"line":84,"column":5},"end":{"line":86,"column":null}},"type":"if","locations":[{"start":{"line":84,"column":5},"end":{"line":86,"column":null}}]},"2":{"loc":{"start":{"line":103,"column":4},"end":{"line":107,"column":null}},"type":"if","locations":[{"start":{"line":103,"column":4},"end":{"line":107,"column":null}}]},"3":{"loc":{"start":{"line":106,"column":12},"end":{"line":106,"column":50}},"type":"binary-expr","locations":[{"start":{"line":106,"column":12},"end":{"line":106,"column":27}},{"start":{"line":106,"column":31},"end":{"line":106,"column":50}}]},"4":{"loc":{"start":{"line":109,"column":4},"end":{"line":116,"column":null}},"type":"if","locations":[{"start":{"line":109,"column":4},"end":{"line":116,"column":null}}]},"5":{"loc":{"start":{"line":111,"column":12},"end":{"line":111,"column":46}},"type":"binary-expr","locations":[{"start":{"line":111,"column":12},"end":{"line":111,"column":23}},{"start":{"line":111,"column":27},"end":{"line":111,"column":46}}]},"6":{"loc":{"start":{"line":114,"column":13},"end":{"line":114,"column":34}},"type":"binary-expr","locations":[{"start":{"line":114,"column":13},"end":{"line":114,"column":26}},{"start":{"line":114,"column":30},"end":{"line":114,"column":34}}]},"7":{"loc":{"start":{"line":118,"column":4},"end":{"line":120,"column":null}},"type":"if","locations":[{"start":{"line":118,"column":4},"end":{"line":120,"column":null}}]},"8":{"loc":{"start":{"line":122,"column":4},"end":{"line":124,"column":null}},"type":"if","locations":[{"start":{"line":122,"column":4},"end":{"line":124,"column":null}}]},"9":{"loc":{"start":{"line":163,"column":4},"end":{"line":167,"column":null}},"type":"if","locations":[{"start":{"line":163,"column":4},"end":{"line":167,"column":null}},{"start":{"line":165,"column":9},"end":{"line":167,"column":null}}]},"10":{"loc":{"start":{"line":169,"column":4},"end":{"line":169,"column":35}},"type":"binary-expr","locations":[{"start":{"line":169,"column":4},"end":{"line":169,"column":6}},{"start":{"line":169,"column":10},"end":{"line":169,"column":35}}]},"11":{"loc":{"start":{"line":182,"column":20},"end":{"line":182,"column":94}},"type":"cond-expr","locations":[{"start":{"line":182,"column":44},"end":{"line":182,"column":65}},{"start":{"line":182,"column":68},"end":{"line":182,"column":94}}]},"12":{"loc":{"start":{"line":190,"column":6},"end":{"line":192,"column":null}},"type":"if","locations":[{"start":{"line":190,"column":6},"end":{"line":192,"column":null}}]},"13":{"loc":{"start":{"line":193,"column":13},"end":{"line":198,"column":13}},"type":"cond-expr","locations":[{"start":{"line":193,"column":23},"end":{"line":198,"column":8}},{"start":{"line":198,"column":10},"end":{"line":198,"column":13}}]}},"s":{"0":1,"1":2,"2":0,"3":0,"4":0,"5":0,"6":0,"7":0,"8":0,"9":0,"10":0,"11":0,"12":0,"13":0,"14":0,"15":0,"16":0,"17":0,"18":0,"19":0,"20":0,"21":0,"22":0,"23":0,"24":0,"25":0,"26":0,"27":0,"28":0,"29":0,"30":0,"31":0,"32":0,"33":0,"34":0,"35":0,"36":2,"37":2,"38":2,"39":2,"40":0,"41":0,"42":0,"43":0,"44":0,"45":0,"46":0,"47":0,"48":0,"49":0,"50":1},"f":{"0":0,"1":0,"2":0,"3":0,"4":0,"5":0,"6":2,"7":2,"8":0,"9":0,"10":0,"11":0,"12":0,"13":0,"14":0},"b":{"0":[0],"1":[0],"2":[0],"3":[0,0],"4":[0],"5":[0,0],"6":[0,0],"7":[0],"8":[0],"9":[0,0],"10":[0,0],"11":[0,2],"12":[0],"13":[0,0]}}
,"D:\\project\\demo\\candy-paper\\src\\utils\\assert.ts": {"path":"D:\\project\\demo\\candy-paper\\src\\utils\\assert.ts","statementMap":{"0":{"start":{"line":30,"column":15},"end":{"line":30,"column":51}},"1":{"start":{"line":31,"column":2},"end":{"line":31,"column":null}},"2":{"start":{"line":29,"column":0},"end":{"line":29,"column":16}},"3":{"start":{"line":40,"column":2},"end":{"line":40,"column":null}},"4":{"start":{"line":39,"column":0},"end":{"line":39,"column":16}},"5":{"start":{"line":45,"column":24},"end":{"line":45,"column":78}},"6":{"start":{"line":45,"column":55},"end":{"line":45,"column":78}},"7":{"start":{"line":45,"column":13},"end":{"line":45,"column":24}},"8":{"start":{"line":46,"column":24},"end":{"line":46,"column":78}},"9":{"start":{"line":46,"column":55},"end":{"line":46,"column":78}},"10":{"start":{"line":46,"column":13},"end":{"line":46,"column":24}},"11":{"start":{"line":47,"column":25},"end":{"line":47,"column":81}},"12":{"start":{"line":47,"column":57},"end":{"line":47,"column":81}},"13":{"start":{"line":47,"column":13},"end":{"line":47,"column":25}},"14":{"start":{"line":48,"column":27},"end":{"line":48,"column":79}},"15":{"start":{"line":48,"column":61},"end":{"line":48,"column":79}},"16":{"start":{"line":48,"column":13},"end":{"line":48,"column":27}},"17":{"start":{"line":49,"column":22},"end":{"line":49,"column":64}},"18":{"start":{"line":49,"column":51},"end":{"line":49,"column":64}},"19":{"start":{"line":49,"column":13},"end":{"line":49,"column":22}},"20":{"start":{"line":51,"column":23},"end":{"line":51,"column":75}},"21":{"start":{"line":51,"column":53},"end":{"line":51,"column":75}},"22":{"start":{"line":51,"column":13},"end":{"line":51,"column":23}},"23":{"start":{"line":52,"column":26},"end":{"line":52,"column":112}},"24":{"start":{"line":52,"column":87},"end":{"line":52,"column":112}},"25":{"start":{"line":52,"column":13},"end":{"line":52,"column":26}},"26":{"start":{"line":53,"column":24},"end":{"line":53,"column":92}},"27":{"start":{"line":53,"column":69},"end":{"line":53,"column":92}},"28":{"start":{"line":53,"column":13},"end":{"line":53,"column":24}},"29":{"start":{"line":56,"column":27},"end":{"line":56,"column":89}},"30":{"start":{"line":56,"column":58},"end":{"line":56,"column":89}},"31":{"start":{"line":56,"column":13},"end":{"line":56,"column":27}},"32":{"start":{"line":57,"column":26},"end":{"line":57,"column":97}},"33":{"start":{"line":57,"column":57},"end":{"line":57,"column":97}},"34":{"start":{"line":57,"column":13},"end":{"line":57,"column":26}}},"fnMap":{"0":{"name":"type","decl":{"start":{"line":29,"column":16},"end":{"line":29,"column":20}},"loc":{"start":{"line":29,"column":34},"end":{"line":32,"column":1}}},"1":{"name":"isType","decl":{"start":{"line":39,"column":16},"end":{"line":39,"column":22}},"loc":{"start":{"line":39,"column":53},"end":{"line":41,"column":1}}},"2":{"name":"(anonymous_2)","decl":{"start":{"line":45,"column":24},"end":{"line":45,"column":25}},"loc":{"start":{"line":45,"column":55},"end":{"line":45,"column":78}}},"3":{"name":"(anonymous_3)","decl":{"start":{"line":46,"column":24},"end":{"line":46,"column":25}},"loc":{"start":{"line":46,"column":55},"end":{"line":46,"column":78}}},"4":{"name":"(anonymous_4)","decl":{"start":{"line":47,"column":25},"end":{"line":47,"column":26}},"loc":{"start":{"line":47,"column":57},"end":{"line":47,"column":81}}},"5":{"name":"(anonymous_5)","decl":{"start":{"line":48,"column":27},"end":{"line":48,"column":28}},"loc":{"start":{"line":48,"column":61},"end":{"line":48,"column":79}}},"6":{"name":"(anonymous_6)","decl":{"start":{"line":49,"column":22},"end":{"line":49,"column":23}},"loc":{"start":{"line":49,"column":51},"end":{"line":49,"column":64}}},"7":{"name":"(anonymous_7)","decl":{"start":{"line":51,"column":23},"end":{"line":51,"column":24}},"loc":{"start":{"line":51,"column":53},"end":{"line":51,"column":75}}},"8":{"name":"(anonymous_8)","decl":{"start":{"line":52,"column":26},"end":{"line":52,"column":62}},"loc":{"start":{"line":52,"column":87},"end":{"line":52,"column":112}}},"9":{"name":"(anonymous_9)","decl":{"start":{"line":53,"column":24},"end":{"line":53,"column":25}},"loc":{"start":{"line":53,"column":69},"end":{"line":53,"column":92}}},"10":{"name":"(anonymous_10)","decl":{"start":{"line":56,"column":27},"end":{"line":56,"column":28}},"loc":{"start":{"line":56,"column":58},"end":{"line":56,"column":89}}},"11":{"name":"(anonymous_11)","decl":{"start":{"line":57,"column":26},"end":{"line":57,"column":27}},"loc":{"start":{"line":57,"column":57},"end":{"line":57,"column":97}}}},"branchMap":{},"s":{"0":0,"1":0,"2":1,"3":0,"4":1,"5":1,"6":0,"7":1,"8":1,"9":0,"10":1,"11":1,"12":0,"13":1,"14":1,"15":0,"16":1,"17":1,"18":0,"19":1,"20":1,"21":0,"22":1,"23":1,"24":0,"25":1,"26":1,"27":0,"28":1,"29":1,"30":0,"31":1,"32":1,"33":0,"34":1},"f":{"0":0,"1":0,"2":0,"3":0,"4":0,"5":0,"6":0,"7":0,"8":0,"9":0,"10":0,"11":0},"b":{}}
,"D:\\project\\demo\\candy-paper\\src\\utils\\dataToString.ts": {"path":"D:\\project\\demo\\candy-paper\\src\\utils\\dataToString.ts","statementMap":{"0":{"start":{"line":2,"column":2},"end":{"line":7,"column":null}},"1":{"start":{"line":3,"column":4},"end":{"line":3,"column":null}},"2":{"start":{"line":5,"column":4},"end":{"line":5,"column":null}},"3":{"start":{"line":6,"column":4},"end":{"line":6,"column":null}},"4":{"start":{"line":1,"column":0},"end":{"line":1,"column":16}}},"fnMap":{"0":{"name":"dataToString","decl":{"start":{"line":1,"column":16},"end":{"line":1,"column":28}},"loc":{"start":{"line":1,"column":42},"end":{"line":8,"column":1}}}},"branchMap":{},"s":{"0":0,"1":0,"2":0,"3":0,"4":1},"f":{"0":0},"b":{}}
,"D:\\project\\demo\\candy-paper\\src\\utils\\index.ts": {"path":"D:\\project\\demo\\candy-paper\\src\\utils\\index.ts","statementMap":{"0":{"start":{"line":1,"column":0},"end":{"line":1,"column":23}},"1":{"start":{"line":2,"column":0},"end":{"line":2,"column":30}},"2":{"start":{"line":3,"column":0},"end":{"line":3,"column":29}},"3":{"start":{"line":4,"column":0},"end":{"line":4,"column":25}},"4":{"start":{"line":5,"column":0},"end":{"line":5,"column":35}}},"fnMap":{},"branchMap":{},"s":{"0":1,"1":1,"2":1,"3":1,"4":1},"f":{},"b":{}}
,"D:\\project\\demo\\candy-paper\\src\\utils\\isReqCancel.ts": {"path":"D:\\project\\demo\\candy-paper\\src\\utils\\isReqCancel.ts","statementMap":{"0":{"start":{"line":4,"column":2},"end":{"line":4,"column":null}},"1":{"start":{"line":3,"column":0},"end":{"line":3,"column":16}}},"fnMap":{"0":{"name":"isReqCancel","decl":{"start":{"line":3,"column":16},"end":{"line":3,"column":27}},"loc":{"start":{"line":3,"column":34},"end":{"line":5,"column":1}}}},"branchMap":{},"s":{"0":0,"1":1},"f":{"0":0},"b":{}}
,"D:\\project\\demo\\candy-paper\\src\\utils\\l-map.ts": {"path":"D:\\project\\demo\\candy-paper\\src\\utils\\l-map.ts","statementMap":{"0":{"start":{"line":14,"column":14},"end":{"line":14,"column":16}},"1":{"start":{"line":17,"column":4},"end":{"line":17,"column":null}},"2":{"start":{"line":18,"column":4},"end":{"line":18,"column":null}},"3":{"start":{"line":18,"column":38},"end":{"line":18,"column":57}},"4":{"start":{"line":22,"column":4},"end":{"line":22,"column":null}},"5":{"start":{"line":23,"column":4},"end":{"line":23,"column":null}},"6":{"start":{"line":24,"column":4},"end":{"line":24,"column":null}},"7":{"start":{"line":28,"column":4},"end":{"line":30,"column":null}},"8":{"start":{"line":29,"column":6},"end":{"line":29,"column":null}},"9":{"start":{"line":31,"column":19},"end":{"line":31,"column":36}},"10":{"start":{"line":33,"column":4},"end":{"line":35,"column":null}},"11":{"start":{"line":34,"column":6},"end":{"line":34,"column":null}},"12":{"start":{"line":34,"column":40},"end":{"line":34,"column":48}},"13":{"start":{"line":37,"column":4},"end":{"line":37,"column":null}},"14":{"start":{"line":41,"column":4},"end":{"line":41,"column":null}},"15":{"start":{"line":42,"column":4},"end":{"line":42,"column":null}},"16":{"start":{"line":49,"column":4},"end":{"line":51,"column":null}},"17":{"start":{"line":50,"column":6},"end":{"line":50,"column":12}},"18":{"start":{"line":53,"column":4},"end":{"line":55,"column":null}},"19":{"start":{"line":54,"column":6},"end":{"line":54,"column":null}},"20":{"start":{"line":57,"column":4},"end":{"line":57,"column":null}},"21":{"start":{"line":57,"column":25},"end":{"line":57,"column":36}},"22":{"start":{"line":57,"column":50},"end":{"line":57,"column":53}},"23":{"start":{"line":64,"column":4},"end":{"line":64,"column":null}},"24":{"start":{"line":64,"column":32},"end":{"line":64,"column":54}},"25":{"start":{"line":11,"column":0},"end":{"line":11,"column":13}}},"fnMap":{"0":{"name":"(anonymous_0)","decl":{"start":{"line":16,"column":2},"end":{"line":16,"column":14}},"loc":{"start":{"line":16,"column":59},"end":{"line":19,"column":3}}},"1":{"name":"(anonymous_1)","decl":{"start":{"line":18,"column":27},"end":{"line":18,"column":28}},"loc":{"start":{"line":18,"column":38},"end":{"line":18,"column":57}}},"2":{"name":"(anonymous_2)","decl":{"start":{"line":21,"column":2},"end":{"line":21,"column":6}},"loc":{"start":{"line":21,"column":23},"end":{"line":25,"column":3}}},"3":{"name":"(anonymous_3)","decl":{"start":{"line":27,"column":2},"end":{"line":27,"column":9}},"loc":{"start":{"line":27,"column":16},"end":{"line":38,"column":3}}},"4":{"name":"(anonymous_4)","decl":{"start":{"line":34,"column":35},"end":{"line":34,"column":36}},"loc":{"start":{"line":34,"column":40},"end":{"line":34,"column":48}}},"5":{"name":"(anonymous_5)","decl":{"start":{"line":40,"column":2},"end":{"line":40,"column":8}},"loc":{"start":{"line":40,"column":8},"end":{"line":43,"column":3}}},"6":{"name":"(anonymous_6)","decl":{"start":{"line":47,"column":2},"end":{"line":47,"column":6}},"loc":{"start":{"line":47,"column":20},"end":{"line":58,"column":3}}},"7":{"name":"(anonymous_7)","decl":{"start":{"line":57,"column":20},"end":{"line":57,"column":21}},"loc":{"start":{"line":57,"column":25},"end":{"line":57,"column":36}}},"8":{"name":"(anonymous_8)","decl":{"start":{"line":57,"column":45},"end":{"line":57,"column":46}},"loc":{"start":{"line":57,"column":50},"end":{"line":57,"column":53}}},"9":{"name":"(anonymous_9)","decl":{"start":{"line":63,"column":2},"end":{"line":63,"column":6}},"loc":{"start":{"line":63,"column":37},"end":{"line":65,"column":3}}},"10":{"name":"(anonymous_10)","decl":{"start":{"line":64,"column":25},"end":{"line":64,"column":28}},"loc":{"start":{"line":64,"column":32},"end":{"line":64,"column":54}}}},"branchMap":{"0":{"loc":{"start":{"line":18,"column":4},"end":{"line":18,"column":58}},"type":"binary-expr","locations":[{"start":{"line":18,"column":4},"end":{"line":18,"column":11}},{"start":{"line":18,"column":15},"end":{"line":18,"column":58}}]},"1":{"loc":{"start":{"line":28,"column":4},"end":{"line":30,"column":null}},"type":"if","locations":[{"start":{"line":28,"column":4},"end":{"line":30,"column":null}}]},"2":{"loc":{"start":{"line":33,"column":4},"end":{"line":35,"column":null}},"type":"if","locations":[{"start":{"line":33,"column":4},"end":{"line":35,"column":null}}]},"3":{"loc":{"start":{"line":49,"column":4},"end":{"line":51,"column":null}},"type":"if","locations":[{"start":{"line":49,"column":4},"end":{"line":51,"column":null}}]},"4":{"loc":{"start":{"line":53,"column":4},"end":{"line":55,"column":null}},"type":"if","locations":[{"start":{"line":53,"column":4},"end":{"line":55,"column":null}}]}},"s":{"0":2,"1":2,"2":2,"3":0,"4":0,"5":0,"6":0,"7":0,"8":0,"9":0,"10":0,"11":0,"12":0,"13":0,"14":0,"15":0,"16":0,"17":0,"18":0,"19":0,"20":0,"21":0,"22":0,"23":0,"24":0,"25":1},"f":{"0":2,"1":0,"2":0,"3":0,"4":0,"5":0,"6":0,"7":0,"8":0,"9":0,"10":0},"b":{"0":[2,0],"1":[0],"2":[0],"3":[0],"4":[0]}}
,"D:\\project\\demo\\candy-paper\\src\\utils\\storage.ts": {"path":"D:\\project\\demo\\candy-paper\\src\\utils\\storage.ts","statementMap":{"0":{"start":{"line":5,"column":21},"end":{"line":5,"column":35}},"1":{"start":{"line":6,"column":22},"end":{"line":6,"column":38}},"2":{"start":{"line":9,"column":4},"end":{"line":9,"column":null}},"3":{"start":{"line":10,"column":4},"end":{"line":12,"column":null}},"4":{"start":{"line":11,"column":6},"end":{"line":11,"column":null}},"5":{"start":{"line":16,"column":4},"end":{"line":20,"column":null}},"6":{"start":{"line":17,"column":6},"end":{"line":17,"column":null}},"7":{"start":{"line":19,"column":6},"end":{"line":19,"column":null}},"8":{"start":{"line":24,"column":4},"end":{"line":29,"column":null}},"9":{"start":{"line":25,"column":17},"end":{"line":25,"column":42}},"10":{"start":{"line":26,"column":6},"end":{"line":26,"column":null}},"11":{"start":{"line":28,"column":6},"end":{"line":28,"column":null}},"12":{"start":{"line":33,"column":4},"end":{"line":33,"column":null}},"13":{"start":{"line":4,"column":0},"end":{"line":4,"column":13}},"14":{"start":{"line":39,"column":2},"end":{"line":46,"column":null}},"15":{"start":{"line":40,"column":4},"end":{"line":45,"column":null}},"16":{"start":{"line":41,"column":22},"end":{"line":41,"column":44}},"17":{"start":{"line":42,"column":6},"end":{"line":42,"column":null}},"18":{"start":{"line":44,"column":6},"end":{"line":44,"column":null}},"19":{"start":{"line":38,"column":0},"end":{"line":38,"column":16}},"20":{"start":{"line":51,"column":2},"end":{"line":59,"column":null}},"21":{"start":{"line":52,"column":20},"end":{"line":52,"column":44}},"22":{"start":{"line":53,"column":4},"end":{"line":58,"column":null}},"23":{"start":{"line":54,"column":6},"end":{"line":54,"column":null}},"24":{"start":{"line":56,"column":6},"end":{"line":56,"column":null}},"25":{"start":{"line":57,"column":6},"end":{"line":57,"column":null}},"26":{"start":{"line":50,"column":0},"end":{"line":50,"column":16}}},"fnMap":{"0":{"name":"(anonymous_0)","decl":{"start":{"line":8,"column":2},"end":{"line":8,"column":14}},"loc":{"start":{"line":8,"column":32},"end":{"line":13,"column":3}}},"1":{"name":"(anonymous_1)","decl":{"start":{"line":15,"column":2},"end":{"line":15,"column":10}},"loc":{"start":{"line":15,"column":34},"end":{"line":21,"column":3}}},"2":{"name":"(anonymous_2)","decl":{"start":{"line":23,"column":2},"end":{"line":23,"column":10}},"loc":{"start":{"line":23,"column":25},"end":{"line":30,"column":3}}},"3":{"name":"(anonymous_3)","decl":{"start":{"line":32,"column":2},"end":{"line":32,"column":9}},"loc":{"start":{"line":32,"column":21},"end":{"line":34,"column":3}}},"4":{"name":"buildSetItem","decl":{"start":{"line":38,"column":16},"end":{"line":38,"column":28}},"loc":{"start":{"line":38,"column":83},"end":{"line":47,"column":1}}},"5":{"name":"(anonymous_5)","decl":{"start":{"line":39,"column":9},"end":{"line":39,"column":19}},"loc":{"start":{"line":39,"column":47},"end":{"line":46,"column":3}}},"6":{"name":"buildGetItem","decl":{"start":{"line":50,"column":16},"end":{"line":50,"column":28}},"loc":{"start":{"line":50,"column":83},"end":{"line":60,"column":1}}},"7":{"name":"(anonymous_7)","decl":{"start":{"line":51,"column":9},"end":{"line":51,"column":19}},"loc":{"start":{"line":51,"column":46},"end":{"line":59,"column":3}}}},"branchMap":{"0":{"loc":{"start":{"line":9,"column":19},"end":{"line":9,"column":74}},"type":"cond-expr","locations":[{"start":{"line":9,"column":45},"end":{"line":9,"column":57}},{"start":{"line":9,"column":60},"end":{"line":9,"column":74}}]},"1":{"loc":{"start":{"line":10,"column":4},"end":{"line":12,"column":null}},"type":"if","locations":[{"start":{"line":10,"column":4},"end":{"line":12,"column":null}}]},"2":{"loc":{"start":{"line":26,"column":13},"end":{"line":26,"column":44}},"type":"cond-expr","locations":[{"start":{"line":26,"column":18},"end":{"line":26,"column":32}},{"start":{"line":26,"column":35},"end":{"line":26,"column":44}}]},"3":{"loc":{"start":{"line":54,"column":13},"end":{"line":54,"column":49}},"type":"cond-expr","locations":[{"start":{"line":54,"column":23},"end":{"line":54,"column":42}},{"start":{"line":54,"column":45},"end":{"line":54,"column":49}}]}},"s":{"0":0,"1":0,"2":0,"3":0,"4":0,"5":0,"6":0,"7":0,"8":0,"9":0,"10":0,"11":0,"12":0,"13":1,"14":0,"15":0,"16":0,"17":0,"18":0,"19":1,"20":0,"21":0,"22":0,"23":0,"24":0,"25":0,"26":1},"f":{"0":0,"1":0,"2":0,"3":0,"4":0,"5":0,"6":0,"7":0},"b":{"0":[0,0],"1":[0],"2":[0,0],"3":[0,0]}}
}
