{"D:\\project\\demo\\candy-paper\\src\\core\\index.ts": {"path":"D:\\project\\demo\\candy-paper\\src\\core\\index.ts","statementMap":{"0":{"start":{"line":2,"column":0},"end":{"line":2,"column":44}},"1":{"start":{"line":3,"column":0},"end":{"line":3,"column":34}},"2":{"start":{"line":16,"column":4},"end":{"line":16,"column":null}},"3":{"start":{"line":21,"column":16},"end":{"line":24,"column":null}},"4":{"start":{"line":36,"column":4},"end":{"line":40,"column":null}},"5":{"start":{"line":37,"column":6},"end":{"line":37,"column":null}},"6":{"start":{"line":38,"column":10},"end":{"line":40,"column":null}},"7":{"start":{"line":39,"column":6},"end":{"line":39,"column":null}},"8":{"start":{"line":46,"column":32},"end":{"line":46,"column":87}},"9":{"start":{"line":46,"column":80},"end":{"line":46,"column":86}},"10":{"start":{"line":47,"column":33},"end":{"line":47,"column":89}},"11":{"start":{"line":47,"column":82},"end":{"line":47,"column":88}},"12":{"start":{"line":48,"column":28},"end":{"line":48,"column":60}},"13":{"start":{"line":49,"column":29},"end":{"line":49,"column":62}},"14":{"start":{"line":51,"column":4},"end":{"line":51,"column":null}},"15":{"start":{"line":51,"column":33},"end":{"line":51,"column":68}},"16":{"start":{"line":52,"column":4},"end":{"line":52,"column":null}},"17":{"start":{"line":52,"column":34},"end":{"line":52,"column":70}},"18":{"start":{"line":54,"column":28},"end":{"line":54,"column":65}},"19":{"start":{"line":55,"column":4},"end":{"line":58,"column":21}},"20":{"start":{"line":58,"column":17},"end":{"line":58,"column":19}},"21":{"start":{"line":60,"column":28},"end":{"line":60,"column":66}},"22":{"start":{"line":61,"column":4},"end":{"line":64,"column":null}},"23":{"start":{"line":70,"column":4},"end":{"line":74,"column":null}},"24":{"start":{"line":71,"column":6},"end":{"line":71,"column":null}},"25":{"start":{"line":72,"column":10},"end":{"line":74,"column":null}},"26":{"start":{"line":73,"column":6},"end":{"line":73,"column":null}},"27":{"start":{"line":76,"column":4},"end":{"line":76,"column":null}},"28":{"start":{"line":80,"column":4},"end":{"line":82,"column":null}},"29":{"start":{"line":81,"column":6},"end":{"line":81,"column":null}},"30":{"start":{"line":83,"column":4},"end":{"line":83,"column":null}},"31":{"start":{"line":84,"column":4},"end":{"line":84,"column":null}},"32":{"start":{"line":88,"column":4},"end":{"line":92,"column":null}},"33":{"start":{"line":96,"column":4},"end":{"line":101,"column":null}},"34":{"start":{"line":105,"column":4},"end":{"line":110,"column":null}},"35":{"start":{"line":114,"column":4},"end":{"line":119,"column":null}},"36":{"start":{"line":123,"column":4},"end":{"line":127,"column":null}},"37":{"start":{"line":131,"column":4},"end":{"line":135,"column":null}},"38":{"start":{"line":139,"column":4},"end":{"line":143,"column":null}},"39":{"start":{"line":11,"column":0},"end":{"line":11,"column":13}}},"fnMap":{"0":{"name":"(anonymous_0)","decl":{"start":{"line":15,"column":2},"end":{"line":15,"column":8}},"loc":{"start":{"line":15,"column":37},"end":{"line":17,"column":3}}},"1":{"name":"(anonymous_1)","decl":{"start":{"line":35,"column":2},"end":{"line":35,"column":14}},"loc":{"start":{"line":35,"column":57},"end":{"line":41,"column":3}}},"2":{"name":"(anonymous_2)","decl":{"start":{"line":44,"column":12},"end":{"line":44,"column":29}},"loc":{"start":{"line":44,"column":75},"end":{"line":65,"column":3}}},"3":{"name":"(anonymous_3)","decl":{"start":{"line":46,"column":75},"end":{"line":46,"column":76}},"loc":{"start":{"line":46,"column":80},"end":{"line":46,"column":86}}},"4":{"name":"(anonymous_4)","decl":{"start":{"line":47,"column":77},"end":{"line":47,"column":78}},"loc":{"start":{"line":47,"column":82},"end":{"line":47,"column":88}}},"5":{"name":"(anonymous_5)","decl":{"start":{"line":51,"column":28},"end":{"line":51,"column":29}},"loc":{"start":{"line":51,"column":33},"end":{"line":51,"column":68}}},"6":{"name":"(anonymous_6)","decl":{"start":{"line":52,"column":29},"end":{"line":52,"column":30}},"loc":{"start":{"line":52,"column":34},"end":{"line":52,"column":70}}},"7":{"name":"(anonymous_7)","decl":{"start":{"line":58,"column":11},"end":{"line":58,"column":14}},"loc":{"start":{"line":58,"column":17},"end":{"line":58,"column":19}}},"8":{"name":"(anonymous_8)","decl":{"start":{"line":68,"column":2},"end":{"line":68,"column":5}},"loc":{"start":{"line":68,"column":27},"end":{"line":77,"column":3}}},"9":{"name":"(anonymous_9)","decl":{"start":{"line":79,"column":2},"end":{"line":79,"column":9}},"loc":{"start":{"line":79,"column":37},"end":{"line":85,"column":3}}},"10":{"name":"(anonymous_10)","decl":{"start":{"line":87,"column":2},"end":{"line":87,"column":5}},"loc":{"start":{"line":87,"column":77},"end":{"line":93,"column":3}}},"11":{"name":"(anonymous_11)","decl":{"start":{"line":95,"column":2},"end":{"line":95,"column":6}},"loc":{"start":{"line":95,"column":87},"end":{"line":102,"column":3}}},"12":{"name":"(anonymous_12)","decl":{"start":{"line":104,"column":2},"end":{"line":104,"column":5}},"loc":{"start":{"line":104,"column":87},"end":{"line":111,"column":3}}},"13":{"name":"(anonymous_13)","decl":{"start":{"line":113,"column":2},"end":{"line":113,"column":7}},"loc":{"start":{"line":113,"column":89},"end":{"line":120,"column":3}}},"14":{"name":"(anonymous_14)","decl":{"start":{"line":122,"column":2},"end":{"line":122,"column":8}},"loc":{"start":{"line":122,"column":80},"end":{"line":128,"column":3}}},"15":{"name":"(anonymous_15)","decl":{"start":{"line":130,"column":2},"end":{"line":130,"column":9}},"loc":{"start":{"line":130,"column":81},"end":{"line":136,"column":3}}},"16":{"name":"(anonymous_16)","decl":{"start":{"line":138,"column":2},"end":{"line":138,"column":6}},"loc":{"start":{"line":138,"column":78},"end":{"line":144,"column":3}}}},"branchMap":{"0":{"loc":{"start":{"line":36,"column":4},"end":{"line":40,"column":null}},"type":"if","locations":[{"start":{"line":36,"column":4},"end":{"line":40,"column":null}},{"start":{"line":38,"column":10},"end":{"line":40,"column":null}}]},"1":{"loc":{"start":{"line":38,"column":10},"end":{"line":40,"column":null}},"type":"if","locations":[{"start":{"line":38,"column":10},"end":{"line":40,"column":null}}]},"2":{"loc":{"start":{"line":48,"column":28},"end":{"line":48,"column":60}},"type":"binary-expr","locations":[{"start":{"line":48,"column":28},"end":{"line":48,"column":54}},{"start":{"line":48,"column":58},"end":{"line":48,"column":60}}]},"3":{"loc":{"start":{"line":49,"column":29},"end":{"line":49,"column":62}},"type":"binary-expr","locations":[{"start":{"line":49,"column":29},"end":{"line":49,"column":56}},{"start":{"line":49,"column":60},"end":{"line":49,"column":62}}]},"4":{"loc":{"start":{"line":70,"column":4},"end":{"line":74,"column":null}},"type":"if","locations":[{"start":{"line":70,"column":4},"end":{"line":74,"column":null}},{"start":{"line":72,"column":10},"end":{"line":74,"column":null}}]},"5":{"loc":{"start":{"line":72,"column":10},"end":{"line":74,"column":null}},"type":"if","locations":[{"start":{"line":72,"column":10},"end":{"line":74,"column":null}}]},"6":{"loc":{"start":{"line":80,"column":4},"end":{"line":82,"column":null}},"type":"if","locations":[{"start":{"line":80,"column":4},"end":{"line":82,"column":null}}]}},"s":{"0":4,"1":4,"2":4,"3":13,"4":13,"5":0,"6":13,"7":12,"8":10,"9":0,"10":10,"11":0,"12":10,"13":10,"14":10,"15":0,"16":10,"17":0,"18":10,"19":10,"20":0,"21":10,"22":10,"23":5,"24":0,"25":5,"26":5,"27":5,"28":11,"29":1,"30":10,"31":10,"32":11,"33":0,"34":0,"35":0,"36":0,"37":0,"38":0,"39":4},"f":{"0":4,"1":13,"2":10,"3":0,"4":0,"5":0,"6":0,"7":0,"8":5,"9":11,"10":11,"11":0,"12":0,"13":0,"14":0,"15":0,"16":0},"b":{"0":[0,13],"1":[12],"2":[10,10],"3":[10,10],"4":[0,5],"5":[5],"6":[1]}}
,"D:\\project\\demo\\candy-paper\\src\\interceptor\\index.ts": {"path":"D:\\project\\demo\\candy-paper\\src\\interceptor\\index.ts","statementMap":{"0":{"start":{"line":8,"column":0},"end":{"line":8,"column":40}},"1":{"start":{"line":24,"column":49},"end":{"line":24,"column":59}},"2":{"start":{"line":28,"column":4},"end":{"line":28,"column":null}},"3":{"start":{"line":62,"column":4},"end":{"line":64,"column":null}},"4":{"start":{"line":63,"column":6},"end":{"line":63,"column":null}},"5":{"start":{"line":66,"column":20},"end":{"line":66,"column":70}},"6":{"start":{"line":67,"column":4},"end":{"line":67,"column":null}},"7":{"start":{"line":69,"column":4},"end":{"line":69,"column":null}},"8":{"start":{"line":84,"column":5},"end":{"line":86,"column":null}},"9":{"start":{"line":85,"column":6},"end":{"line":85,"column":null}},"10":{"start":{"line":88,"column":20},"end":{"line":88,"column":70}},"11":{"start":{"line":89,"column":4},"end":{"line":92,"column":null}},"12":{"start":{"line":94,"column":4},"end":{"line":94,"column":null}},"13":{"start":{"line":100,"column":23},"end":{"line":100,"column":28}},"14":{"start":{"line":103,"column":4},"end":{"line":107,"column":null}},"15":{"start":{"line":104,"column":6},"end":{"line":104,"column":null}},"16":{"start":{"line":105,"column":6},"end":{"line":105,"column":null}},"17":{"start":{"line":106,"column":6},"end":{"line":106,"column":null}},"18":{"start":{"line":109,"column":4},"end":{"line":116,"column":null}},"19":{"start":{"line":110,"column":22},"end":{"line":110,"column":50}},"20":{"start":{"line":111,"column":6},"end":{"line":111,"column":null}},"21":{"start":{"line":112,"column":6},"end":{"line":112,"column":null}},"22":{"start":{"line":113,"column":6},"end":{"line":113,"column":null}},"23":{"start":{"line":114,"column":6},"end":{"line":114,"column":null}},"24":{"start":{"line":115,"column":6},"end":{"line":115,"column":null}},"25":{"start":{"line":118,"column":4},"end":{"line":120,"column":null}},"26":{"start":{"line":119,"column":6},"end":{"line":119,"column":null}},"27":{"start":{"line":122,"column":4},"end":{"line":124,"column":null}},"28":{"start":{"line":123,"column":6},"end":{"line":123,"column":null}},"29":{"start":{"line":126,"column":4},"end":{"line":126,"column":null}},"30":{"start":{"line":128,"column":4},"end":{"line":134,"column":null}},"31":{"start":{"line":163,"column":4},"end":{"line":167,"column":null}},"32":{"start":{"line":164,"column":8},"end":{"line":164,"column":null}},"33":{"start":{"line":166,"column":6},"end":{"line":166,"column":null}},"34":{"start":{"line":169,"column":4},"end":{"line":169,"column":null}},"35":{"start":{"line":175,"column":4},"end":{"line":175,"column":null}},"36":{"start":{"line":182,"column":20},"end":{"line":182,"column":94}},"37":{"start":{"line":182,"column":90},"end":{"line":182,"column":94}},"38":{"start":{"line":183,"column":17},"end":{"line":183,"column":40}},"39":{"start":{"line":186,"column":4},"end":{"line":199,"column":null}},"40":{"start":{"line":187,"column":22},"end":{"line":187,"column":45}},"41":{"start":{"line":190,"column":6},"end":{"line":192,"column":null}},"42":{"start":{"line":191,"column":8},"end":{"line":191,"column":null}},"43":{"start":{"line":193,"column":6},"end":{"line":198,"column":null}},"44":{"start":{"line":205,"column":4},"end":{"line":205,"column":null}},"45":{"start":{"line":205,"column":41},"end":{"line":205,"column":92}},"46":{"start":{"line":205,"column":68},"end":{"line":205,"column":91}},"47":{"start":{"line":210,"column":4},"end":{"line":210,"column":null}},"48":{"start":{"line":210,"column":41},"end":{"line":210,"column":91}},"49":{"start":{"line":210,"column":68},"end":{"line":210,"column":90}},"50":{"start":{"line":21,"column":0},"end":{"line":21,"column":13}}},"fnMap":{"0":{"name":"(anonymous_0)","decl":{"start":{"line":27,"column":2},"end":{"line":27,"column":14}},"loc":{"start":{"line":27,"column":14},"end":{"line":29,"column":3}}},"1":{"name":"(anonymous_1)","decl":{"start":{"line":60,"column":2},"end":{"line":60,"column":5}},"loc":{"start":{"line":60,"column":108},"end":{"line":70,"column":3}}},"2":{"name":"(anonymous_2)","decl":{"start":{"line":83,"column":2},"end":{"line":83,"column":9}},"loc":{"start":{"line":83,"column":112},"end":{"line":95,"column":3}}},"3":{"name":"(anonymous_3)","decl":{"start":{"line":98,"column":2},"end":{"line":98,"column":17}},"loc":{"start":{"line":98,"column":119},"end":{"line":136,"column":3}}},"4":{"name":"(anonymous_4)","decl":{"start":{"line":161,"column":2},"end":{"line":161,"column":7}},"loc":{"start":{"line":161,"column":33},"end":{"line":171,"column":3}}},"5":{"name":"(anonymous_5)","decl":{"start":{"line":174,"column":2},"end":{"line":174,"column":7}},"loc":{"start":{"line":174,"column":7},"end":{"line":176,"column":3}}},"6":{"name":"(anonymous_6)","decl":{"start":{"line":179,"column":2},"end":{"line":179,"column":9}},"loc":{"start":{"line":179,"column":33},"end":{"line":201,"column":3}}},"7":{"name":"(anonymous_7)","decl":{"start":{"line":182,"column":68},"end":{"line":182,"column":69}},"loc":{"start":{"line":182,"column":90},"end":{"line":182,"column":94}}},"8":{"name":"(anonymous_8)","decl":{"start":{"line":186,"column":31},"end":{"line":186,"column":32}},"loc":{"start":{"line":186,"column":45},"end":{"line":199,"column":5}}},"9":{"name":"(anonymous_9)","decl":{"start":{"line":204,"column":2},"end":{"line":204,"column":8}},"loc":{"start":{"line":204,"column":43},"end":{"line":206,"column":3}}},"10":{"name":"(anonymous_10)","decl":{"start":{"line":205,"column":11},"end":{"line":205,"column":12}},"loc":{"start":{"line":205,"column":41},"end":{"line":205,"column":92}}},"11":{"name":"(anonymous_11)","decl":{"start":{"line":205,"column":61},"end":{"line":205,"column":64}},"loc":{"start":{"line":205,"column":68},"end":{"line":205,"column":91}}},"12":{"name":"(anonymous_12)","decl":{"start":{"line":209,"column":2},"end":{"line":209,"column":8}},"loc":{"start":{"line":209,"column":43},"end":{"line":211,"column":3}}},"13":{"name":"(anonymous_13)","decl":{"start":{"line":210,"column":11},"end":{"line":210,"column":12}},"loc":{"start":{"line":210,"column":41},"end":{"line":210,"column":91}}},"14":{"name":"(anonymous_14)","decl":{"start":{"line":210,"column":61},"end":{"line":210,"column":64}},"loc":{"start":{"line":210,"column":68},"end":{"line":210,"column":90}}}},"branchMap":{"0":{"loc":{"start":{"line":62,"column":4},"end":{"line":64,"column":null}},"type":"if","locations":[{"start":{"line":62,"column":4},"end":{"line":64,"column":null}}]},"1":{"loc":{"start":{"line":84,"column":5},"end":{"line":86,"column":null}},"type":"if","locations":[{"start":{"line":84,"column":5},"end":{"line":86,"column":null}}]},"2":{"loc":{"start":{"line":103,"column":4},"end":{"line":107,"column":null}},"type":"if","locations":[{"start":{"line":103,"column":4},"end":{"line":107,"column":null}}]},"3":{"loc":{"start":{"line":106,"column":12},"end":{"line":106,"column":50}},"type":"binary-expr","locations":[{"start":{"line":106,"column":12},"end":{"line":106,"column":27}},{"start":{"line":106,"column":31},"end":{"line":106,"column":50}}]},"4":{"loc":{"start":{"line":109,"column":4},"end":{"line":116,"column":null}},"type":"if","locations":[{"start":{"line":109,"column":4},"end":{"line":116,"column":null}}]},"5":{"loc":{"start":{"line":111,"column":12},"end":{"line":111,"column":46}},"type":"binary-expr","locations":[{"start":{"line":111,"column":12},"end":{"line":111,"column":23}},{"start":{"line":111,"column":27},"end":{"line":111,"column":46}}]},"6":{"loc":{"start":{"line":114,"column":13},"end":{"line":114,"column":34}},"type":"binary-expr","locations":[{"start":{"line":114,"column":13},"end":{"line":114,"column":26}},{"start":{"line":114,"column":30},"end":{"line":114,"column":34}}]},"7":{"loc":{"start":{"line":118,"column":4},"end":{"line":120,"column":null}},"type":"if","locations":[{"start":{"line":118,"column":4},"end":{"line":120,"column":null}}]},"8":{"loc":{"start":{"line":122,"column":4},"end":{"line":124,"column":null}},"type":"if","locations":[{"start":{"line":122,"column":4},"end":{"line":124,"column":null}}]},"9":{"loc":{"start":{"line":163,"column":4},"end":{"line":167,"column":null}},"type":"if","locations":[{"start":{"line":163,"column":4},"end":{"line":167,"column":null}},{"start":{"line":165,"column":9},"end":{"line":167,"column":null}}]},"10":{"loc":{"start":{"line":169,"column":4},"end":{"line":169,"column":35}},"type":"binary-expr","locations":[{"start":{"line":169,"column":4},"end":{"line":169,"column":6}},{"start":{"line":169,"column":10},"end":{"line":169,"column":35}}]},"11":{"loc":{"start":{"line":182,"column":20},"end":{"line":182,"column":94}},"type":"cond-expr","locations":[{"start":{"line":182,"column":44},"end":{"line":182,"column":65}},{"start":{"line":182,"column":68},"end":{"line":182,"column":94}}]},"12":{"loc":{"start":{"line":190,"column":6},"end":{"line":192,"column":null}},"type":"if","locations":[{"start":{"line":190,"column":6},"end":{"line":192,"column":null}}]},"13":{"loc":{"start":{"line":193,"column":13},"end":{"line":198,"column":13}},"type":"cond-expr","locations":[{"start":{"line":193,"column":23},"end":{"line":198,"column":8}},{"start":{"line":198,"column":10},"end":{"line":198,"column":13}}]}},"s":{"0":4,"1":26,"2":1,"3":9,"4":0,"5":9,"6":9,"7":9,"8":0,"9":0,"10":0,"11":0,"12":0,"13":9,"14":9,"15":8,"16":8,"17":8,"18":9,"19":0,"20":0,"21":0,"22":0,"23":0,"24":0,"25":9,"26":0,"27":9,"28":0,"29":9,"30":9,"31":0,"32":0,"33":0,"34":0,"35":0,"36":20,"37":20,"38":20,"39":20,"40":9,"41":9,"42":0,"43":9,"44":0,"45":0,"46":0,"47":0,"48":0,"49":0,"50":4},"f":{"0":1,"1":9,"2":0,"3":9,"4":0,"5":0,"6":20,"7":20,"8":9,"9":0,"10":0,"11":0,"12":0,"13":0,"14":0},"b":{"0":[0],"1":[0],"2":[8],"3":[8,1],"4":[0],"5":[0,0],"6":[0,0],"7":[0],"8":[0],"9":[0,0],"10":[0,0],"11":[0,20],"12":[0],"13":[9,0]}}
,"D:\\project\\demo\\candy-paper\\src\\middler\\timetamp\\index.ts": {"path":"D:\\project\\demo\\candy-paper\\src\\middler\\timetamp\\index.ts","statementMap":{"0":{"start":{"line":3,"column":0},"end":{"line":3,"column":37}},"1":{"start":{"line":6,"column":2},"end":{"line":6,"column":null}},"2":{"start":{"line":9,"column":13},"end":{"line":9,"column":null}},"3":{"start":{"line":39,"column":4},"end":{"line":39,"column":null}},"4":{"start":{"line":46,"column":4},"end":{"line":49,"column":null}},"5":{"start":{"line":47,"column":6},"end":{"line":47,"column":null}},"6":{"start":{"line":48,"column":6},"end":{"line":48,"column":null}},"7":{"start":{"line":50,"column":4},"end":{"line":50,"column":null}},"8":{"start":{"line":51,"column":4},"end":{"line":51,"column":null}},"9":{"start":{"line":55,"column":4},"end":{"line":57,"column":null}},"10":{"start":{"line":61,"column":26},"end":{"line":72,"column":5}},"11":{"start":{"line":63,"column":6},"end":{"line":65,"column":null}},"12":{"start":{"line":64,"column":8},"end":{"line":64,"column":null}},"13":{"start":{"line":67,"column":6},"end":{"line":69,"column":null}},"14":{"start":{"line":68,"column":8},"end":{"line":68,"column":null}},"15":{"start":{"line":70,"column":6},"end":{"line":70,"column":null}},"16":{"start":{"line":71,"column":6},"end":{"line":71,"column":null}},"17":{"start":{"line":73,"column":4},"end":{"line":73,"column":null}},"18":{"start":{"line":75,"column":4},"end":{"line":75,"column":null}},"19":{"start":{"line":36,"column":0},"end":{"line":36,"column":13}}},"fnMap":{"0":{"name":"defaultTimetamp","decl":{"start":{"line":5,"column":9},"end":{"line":5,"column":24}},"loc":{"start":{"line":5,"column":24},"end":{"line":7,"column":1}}},"1":{"name":"(anonymous_1)","decl":{"start":{"line":38,"column":2},"end":{"line":38,"column":8}},"loc":{"start":{"line":38,"column":105},"end":{"line":40,"column":3}}},"2":{"name":"(anonymous_2)","decl":{"start":{"line":45,"column":2},"end":{"line":45,"column":14}},"loc":{"start":{"line":45,"column":125},"end":{"line":52,"column":3}}},"3":{"name":"(anonymous_3)","decl":{"start":{"line":54,"column":2},"end":{"line":54,"column":9}},"loc":{"start":{"line":54,"column":32},"end":{"line":58,"column":3}}},"4":{"name":"(anonymous_4)","decl":{"start":{"line":60,"column":2},"end":{"line":60,"column":9}},"loc":{"start":{"line":60,"column":9},"end":{"line":76,"column":3}}},"5":{"name":"(anonymous_5)","decl":{"start":{"line":61,"column":26},"end":{"line":61,"column":27}},"loc":{"start":{"line":61,"column":54},"end":{"line":72,"column":5}}}},"branchMap":{"0":{"loc":{"start":{"line":45,"column":14},"end":{"line":45,"column":101}},"type":"default-arg","locations":[{"start":{"line":45,"column":86},"end":{"line":45,"column":101}}]},"1":{"loc":{"start":{"line":45,"column":103},"end":{"line":45,"column":125}},"type":"default-arg","locations":[{"start":{"line":45,"column":122},"end":{"line":45,"column":125}}]},"2":{"loc":{"start":{"line":46,"column":4},"end":{"line":49,"column":null}},"type":"if","locations":[{"start":{"line":46,"column":4},"end":{"line":49,"column":null}}]},"3":{"loc":{"start":{"line":63,"column":6},"end":{"line":65,"column":null}},"type":"if","locations":[{"start":{"line":63,"column":6},"end":{"line":65,"column":null}}]},"4":{"loc":{"start":{"line":67,"column":6},"end":{"line":69,"column":null}},"type":"if","locations":[{"start":{"line":67,"column":6},"end":{"line":69,"column":null}}]}},"s":{"0":1,"1":1,"2":1,"3":3,"4":3,"5":0,"6":0,"7":3,"8":3,"9":3,"10":3,"11":3,"12":0,"13":3,"14":3,"15":3,"16":3,"17":3,"18":3,"19":1},"f":{"0":1,"1":3,"2":3,"3":3,"4":3,"5":3},"b":{"0":[1],"1":[2],"2":[0],"3":[0],"4":[3]}}
,"D:\\project\\demo\\candy-paper\\src\\middler\\tips\\index.ts": {"path":"D:\\project\\demo\\candy-paper\\src\\middler\\tips\\index.ts","statementMap":{"0":{"start":{"line":3,"column":0},"end":{"line":3,"column":55}},"1":{"start":{"line":5,"column":13},"end":{"line":5,"column":null}},"2":{"start":{"line":17,"column":33},"end":{"line":58,"column":null}},"3":{"start":{"line":20,"column":6},"end":{"line":20,"column":null}},"4":{"start":{"line":23,"column":6},"end":{"line":23,"column":null}},"5":{"start":{"line":28,"column":6},"end":{"line":28,"column":null}},"6":{"start":{"line":31,"column":6},"end":{"line":31,"column":null}},"7":{"start":{"line":36,"column":6},"end":{"line":36,"column":null}},"8":{"start":{"line":39,"column":6},"end":{"line":39,"column":null}},"9":{"start":{"line":44,"column":6},"end":{"line":44,"column":null}},"10":{"start":{"line":47,"column":6},"end":{"line":47,"column":null}},"11":{"start":{"line":52,"column":6},"end":{"line":52,"column":null}},"12":{"start":{"line":55,"column":6},"end":{"line":55,"column":null}},"13":{"start":{"line":60,"column":32},"end":{"line":65,"column":null}},"14":{"start":{"line":63,"column":20},"end":{"line":63,"column":21}},"15":{"start":{"line":70,"column":4},"end":{"line":70,"column":null}},"16":{"start":{"line":77,"column":29},"end":{"line":77,"column":40}},"17":{"start":{"line":78,"column":29},"end":{"line":78,"column":40}},"18":{"start":{"line":81,"column":4},"end":{"line":81,"column":null}},"19":{"start":{"line":82,"column":4},"end":{"line":82,"column":null}},"20":{"start":{"line":86,"column":4},"end":{"line":86,"column":null}},"21":{"start":{"line":86,"column":23},"end":{"line":86,"column":26}},"22":{"start":{"line":90,"column":4},"end":{"line":102,"column":null}},"23":{"start":{"line":91,"column":22},"end":{"line":91,"column":57}},"24":{"start":{"line":91,"column":49},"end":{"line":91,"column":56}},"25":{"start":{"line":92,"column":6},"end":{"line":94,"column":null}},"26":{"start":{"line":93,"column":8},"end":{"line":93,"column":null}},"27":{"start":{"line":96,"column":22},"end":{"line":96,"column":57}},"28":{"start":{"line":96,"column":49},"end":{"line":96,"column":56}},"29":{"start":{"line":97,"column":6},"end":{"line":99,"column":null}},"30":{"start":{"line":98,"column":8},"end":{"line":98,"column":null}},"31":{"start":{"line":101,"column":6},"end":{"line":101,"column":null}},"32":{"start":{"line":67,"column":0},"end":{"line":67,"column":13}},"33":{"start":{"line":109,"column":4},"end":{"line":109,"column":null}},"34":{"start":{"line":113,"column":4},"end":{"line":116,"column":null}},"35":{"start":{"line":107,"column":0},"end":{"line":107,"column":13}},"36":{"start":{"line":123,"column":4},"end":{"line":123,"column":null}},"37":{"start":{"line":126,"column":22},"end":{"line":126,"column":34}},"38":{"start":{"line":128,"column":4},"end":{"line":132,"column":null}},"39":{"start":{"line":120,"column":0},"end":{"line":120,"column":13}}},"fnMap":{"0":{"name":"(anonymous_0)","decl":{"start":{"line":19,"column":4},"end":{"line":19,"column":6}},"loc":{"start":{"line":19,"column":13},"end":{"line":21,"column":5}}},"1":{"name":"(anonymous_1)","decl":{"start":{"line":22,"column":4},"end":{"line":22,"column":7}},"loc":{"start":{"line":22,"column":14},"end":{"line":24,"column":5}}},"2":{"name":"(anonymous_2)","decl":{"start":{"line":27,"column":4},"end":{"line":27,"column":6}},"loc":{"start":{"line":27,"column":13},"end":{"line":29,"column":5}}},"3":{"name":"(anonymous_3)","decl":{"start":{"line":30,"column":4},"end":{"line":30,"column":7}},"loc":{"start":{"line":30,"column":14},"end":{"line":32,"column":5}}},"4":{"name":"(anonymous_4)","decl":{"start":{"line":35,"column":4},"end":{"line":35,"column":6}},"loc":{"start":{"line":35,"column":13},"end":{"line":37,"column":5}}},"5":{"name":"(anonymous_5)","decl":{"start":{"line":38,"column":4},"end":{"line":38,"column":7}},"loc":{"start":{"line":38,"column":14},"end":{"line":40,"column":5}}},"6":{"name":"(anonymous_6)","decl":{"start":{"line":43,"column":4},"end":{"line":43,"column":6}},"loc":{"start":{"line":43,"column":13},"end":{"line":45,"column":5}}},"7":{"name":"(anonymous_7)","decl":{"start":{"line":46,"column":4},"end":{"line":46,"column":7}},"loc":{"start":{"line":46,"column":14},"end":{"line":48,"column":5}}},"8":{"name":"(anonymous_8)","decl":{"start":{"line":51,"column":4},"end":{"line":51,"column":6}},"loc":{"start":{"line":51,"column":6},"end":{"line":53,"column":5}}},"9":{"name":"(anonymous_9)","decl":{"start":{"line":54,"column":4},"end":{"line":54,"column":7}},"loc":{"start":{"line":54,"column":14},"end":{"line":56,"column":5}}},"10":{"name":"(anonymous_10)","decl":{"start":{"line":63,"column":8},"end":{"line":63,"column":9}},"loc":{"start":{"line":63,"column":20},"end":{"line":63,"column":21}}},"11":{"name":"(anonymous_11)","decl":{"start":{"line":69,"column":2},"end":{"line":69,"column":8}},"loc":{"start":{"line":69,"column":45},"end":{"line":71,"column":3}}},"12":{"name":"(anonymous_12)","decl":{"start":{"line":80,"column":2},"end":{"line":80,"column":14}},"loc":{"start":{"line":80,"column":42},"end":{"line":83,"column":3}}},"13":{"name":"(anonymous_13)","decl":{"start":{"line":85,"column":2},"end":{"line":85,"column":11}},"loc":{"start":{"line":85,"column":11},"end":{"line":87,"column":3}}},"14":{"name":"(anonymous_14)","decl":{"start":{"line":86,"column":11},"end":{"line":86,"column":12}},"loc":{"start":{"line":86,"column":23},"end":{"line":86,"column":26}}},"15":{"name":"(anonymous_15)","decl":{"start":{"line":89,"column":2},"end":{"line":89,"column":10}},"loc":{"start":{"line":89,"column":10},"end":{"line":103,"column":3}}},"16":{"name":"(anonymous_16)","decl":{"start":{"line":90,"column":11},"end":{"line":90,"column":12}},"loc":{"start":{"line":90,"column":22},"end":{"line":102,"column":5}}},"17":{"name":"(anonymous_17)","decl":{"start":{"line":91,"column":44},"end":{"line":91,"column":45}},"loc":{"start":{"line":91,"column":49},"end":{"line":91,"column":56}}},"18":{"name":"(anonymous_18)","decl":{"start":{"line":96,"column":44},"end":{"line":96,"column":45}},"loc":{"start":{"line":96,"column":49},"end":{"line":96,"column":56}}},"19":{"name":"(anonymous_19)","decl":{"start":{"line":108,"column":2},"end":{"line":108,"column":8}},"loc":{"start":{"line":108,"column":45},"end":{"line":110,"column":3}}},"20":{"name":"(anonymous_20)","decl":{"start":{"line":112,"column":2},"end":{"line":112,"column":9}},"loc":{"start":{"line":112,"column":32},"end":{"line":117,"column":3}}},"21":{"name":"(anonymous_21)","decl":{"start":{"line":122,"column":2},"end":{"line":122,"column":8}},"loc":{"start":{"line":122,"column":45},"end":{"line":124,"column":3}}},"22":{"name":"(anonymous_22)","decl":{"start":{"line":127,"column":2},"end":{"line":127,"column":9}},"loc":{"start":{"line":127,"column":32},"end":{"line":133,"column":3}}}},"branchMap":{"0":{"loc":{"start":{"line":44,"column":13},"end":{"line":44,"column":41}},"type":"binary-expr","locations":[{"start":{"line":44,"column":13},"end":{"line":44,"column":23}},{"start":{"line":44,"column":27},"end":{"line":44,"column":41}}]},"1":{"loc":{"start":{"line":82,"column":17},"end":{"line":82,"column":37}},"type":"binary-expr","locations":[{"start":{"line":82,"column":17},"end":{"line":82,"column":22}},{"start":{"line":82,"column":26},"end":{"line":82,"column":37}}]},"2":{"loc":{"start":{"line":92,"column":6},"end":{"line":94,"column":null}},"type":"if","locations":[{"start":{"line":92,"column":6},"end":{"line":94,"column":null}}]},"3":{"loc":{"start":{"line":97,"column":6},"end":{"line":99,"column":null}},"type":"if","locations":[{"start":{"line":97,"column":6},"end":{"line":99,"column":null}}]}},"s":{"0":1,"1":1,"2":1,"3":0,"4":0,"5":0,"6":0,"7":0,"8":0,"9":0,"10":0,"11":0,"12":0,"13":1,"14":0,"15":0,"16":1,"17":1,"18":1,"19":1,"20":1,"21":1,"22":1,"23":0,"24":0,"25":0,"26":0,"27":0,"28":0,"29":0,"30":0,"31":0,"32":1,"33":0,"34":0,"35":1,"36":1,"37":1,"38":1,"39":1},"f":{"0":0,"1":0,"2":0,"3":0,"4":0,"5":0,"6":0,"7":0,"8":0,"9":0,"10":0,"11":0,"12":1,"13":1,"14":1,"15":1,"16":0,"17":0,"18":0,"19":0,"20":0,"21":1,"22":1},"b":{"0":[0,0],"1":[1,0],"2":[0],"3":[0]}}
,"D:\\project\\demo\\candy-paper\\src\\middler\\token\\index.ts": {"path":"D:\\project\\demo\\candy-paper\\src\\middler\\token\\index.ts","statementMap":{"0":{"start":{"line":3,"column":0},"end":{"line":3,"column":37}},"1":{"start":{"line":5,"column":13},"end":{"line":5,"column":null}},"2":{"start":{"line":34,"column":4},"end":{"line":34,"column":null}},"3":{"start":{"line":38,"column":22},"end":{"line":38,"column":35}},"4":{"start":{"line":44,"column":4},"end":{"line":44,"column":null}},"5":{"start":{"line":45,"column":4},"end":{"line":45,"column":31}},"6":{"start":{"line":49,"column":4},"end":{"line":51,"column":null}},"7":{"start":{"line":55,"column":25},"end":{"line":68,"column":5}},"8":{"start":{"line":56,"column":6},"end":{"line":58,"column":null}},"9":{"start":{"line":57,"column":8},"end":{"line":57,"column":null}},"10":{"start":{"line":60,"column":6},"end":{"line":62,"column":null}},"11":{"start":{"line":61,"column":8},"end":{"line":61,"column":null}},"12":{"start":{"line":64,"column":6},"end":{"line":66,"column":null}},"13":{"start":{"line":65,"column":8},"end":{"line":65,"column":null}},"14":{"start":{"line":67,"column":6},"end":{"line":67,"column":null}},"15":{"start":{"line":69,"column":4},"end":{"line":69,"column":null}},"16":{"start":{"line":70,"column":4},"end":{"line":70,"column":null}},"17":{"start":{"line":31,"column":0},"end":{"line":31,"column":13}}},"fnMap":{"0":{"name":"(anonymous_0)","decl":{"start":{"line":33,"column":2},"end":{"line":33,"column":8}},"loc":{"start":{"line":33,"column":93},"end":{"line":35,"column":3}}},"1":{"name":"(anonymous_1)","decl":{"start":{"line":43,"column":2},"end":{"line":43,"column":14}},"loc":{"start":{"line":43,"column":99},"end":{"line":46,"column":3}}},"2":{"name":"(anonymous_2)","decl":{"start":{"line":48,"column":2},"end":{"line":48,"column":9}},"loc":{"start":{"line":48,"column":32},"end":{"line":52,"column":3}}},"3":{"name":"(anonymous_3)","decl":{"start":{"line":54,"column":2},"end":{"line":54,"column":9}},"loc":{"start":{"line":54,"column":9},"end":{"line":71,"column":3}}},"4":{"name":"(anonymous_4)","decl":{"start":{"line":55,"column":25},"end":{"line":55,"column":26}},"loc":{"start":{"line":55,"column":53},"end":{"line":68,"column":5}}}},"branchMap":{"0":{"loc":{"start":{"line":43,"column":74},"end":{"line":43,"column":99}},"type":"default-arg","locations":[{"start":{"line":43,"column":86},"end":{"line":43,"column":99}}]},"1":{"loc":{"start":{"line":56,"column":6},"end":{"line":58,"column":null}},"type":"if","locations":[{"start":{"line":56,"column":6},"end":{"line":58,"column":null}}]},"2":{"loc":{"start":{"line":60,"column":6},"end":{"line":62,"column":null}},"type":"if","locations":[{"start":{"line":60,"column":6},"end":{"line":62,"column":null}}]},"3":{"loc":{"start":{"line":64,"column":6},"end":{"line":66,"column":null}},"type":"if","locations":[{"start":{"line":64,"column":6},"end":{"line":66,"column":null}}]}},"s":{"0":1,"1":1,"2":4,"3":4,"4":4,"5":4,"6":1,"7":4,"8":4,"9":0,"10":4,"11":3,"12":4,"13":1,"14":4,"15":4,"16":4,"17":1},"f":{"0":4,"1":4,"2":1,"3":4,"4":4},"b":{"0":[3],"1":[0],"2":[3],"3":[1]}}
,"D:\\project\\demo\\candy-paper\\src\\utils\\assert.ts": {"path":"D:\\project\\demo\\candy-paper\\src\\utils\\assert.ts","statementMap":{"0":{"start":{"line":30,"column":15},"end":{"line":30,"column":51}},"1":{"start":{"line":31,"column":2},"end":{"line":31,"column":null}},"2":{"start":{"line":29,"column":0},"end":{"line":29,"column":16}},"3":{"start":{"line":40,"column":2},"end":{"line":40,"column":null}},"4":{"start":{"line":39,"column":0},"end":{"line":39,"column":16}},"5":{"start":{"line":45,"column":24},"end":{"line":45,"column":78}},"6":{"start":{"line":45,"column":55},"end":{"line":45,"column":78}},"7":{"start":{"line":45,"column":13},"end":{"line":45,"column":24}},"8":{"start":{"line":46,"column":24},"end":{"line":46,"column":78}},"9":{"start":{"line":46,"column":55},"end":{"line":46,"column":78}},"10":{"start":{"line":46,"column":13},"end":{"line":46,"column":24}},"11":{"start":{"line":47,"column":25},"end":{"line":47,"column":81}},"12":{"start":{"line":47,"column":57},"end":{"line":47,"column":81}},"13":{"start":{"line":47,"column":13},"end":{"line":47,"column":25}},"14":{"start":{"line":48,"column":27},"end":{"line":48,"column":79}},"15":{"start":{"line":48,"column":61},"end":{"line":48,"column":79}},"16":{"start":{"line":48,"column":13},"end":{"line":48,"column":27}},"17":{"start":{"line":49,"column":22},"end":{"line":49,"column":64}},"18":{"start":{"line":49,"column":51},"end":{"line":49,"column":64}},"19":{"start":{"line":49,"column":13},"end":{"line":49,"column":22}},"20":{"start":{"line":51,"column":23},"end":{"line":51,"column":75}},"21":{"start":{"line":51,"column":53},"end":{"line":51,"column":75}},"22":{"start":{"line":51,"column":13},"end":{"line":51,"column":23}},"23":{"start":{"line":52,"column":26},"end":{"line":52,"column":112}},"24":{"start":{"line":52,"column":87},"end":{"line":52,"column":112}},"25":{"start":{"line":52,"column":13},"end":{"line":52,"column":26}},"26":{"start":{"line":53,"column":24},"end":{"line":53,"column":92}},"27":{"start":{"line":53,"column":69},"end":{"line":53,"column":92}},"28":{"start":{"line":53,"column":13},"end":{"line":53,"column":24}},"29":{"start":{"line":56,"column":27},"end":{"line":56,"column":89}},"30":{"start":{"line":56,"column":58},"end":{"line":56,"column":89}},"31":{"start":{"line":56,"column":13},"end":{"line":56,"column":27}},"32":{"start":{"line":57,"column":26},"end":{"line":57,"column":97}},"33":{"start":{"line":57,"column":57},"end":{"line":57,"column":97}},"34":{"start":{"line":57,"column":13},"end":{"line":57,"column":26}}},"fnMap":{"0":{"name":"type","decl":{"start":{"line":29,"column":16},"end":{"line":29,"column":20}},"loc":{"start":{"line":29,"column":34},"end":{"line":32,"column":1}}},"1":{"name":"isType","decl":{"start":{"line":39,"column":16},"end":{"line":39,"column":22}},"loc":{"start":{"line":39,"column":53},"end":{"line":41,"column":1}}},"2":{"name":"(anonymous_2)","decl":{"start":{"line":45,"column":24},"end":{"line":45,"column":25}},"loc":{"start":{"line":45,"column":55},"end":{"line":45,"column":78}}},"3":{"name":"(anonymous_3)","decl":{"start":{"line":46,"column":24},"end":{"line":46,"column":25}},"loc":{"start":{"line":46,"column":55},"end":{"line":46,"column":78}}},"4":{"name":"(anonymous_4)","decl":{"start":{"line":47,"column":25},"end":{"line":47,"column":26}},"loc":{"start":{"line":47,"column":57},"end":{"line":47,"column":81}}},"5":{"name":"(anonymous_5)","decl":{"start":{"line":48,"column":27},"end":{"line":48,"column":28}},"loc":{"start":{"line":48,"column":61},"end":{"line":48,"column":79}}},"6":{"name":"(anonymous_6)","decl":{"start":{"line":49,"column":22},"end":{"line":49,"column":23}},"loc":{"start":{"line":49,"column":51},"end":{"line":49,"column":64}}},"7":{"name":"(anonymous_7)","decl":{"start":{"line":51,"column":23},"end":{"line":51,"column":24}},"loc":{"start":{"line":51,"column":53},"end":{"line":51,"column":75}}},"8":{"name":"(anonymous_8)","decl":{"start":{"line":52,"column":26},"end":{"line":52,"column":62}},"loc":{"start":{"line":52,"column":87},"end":{"line":52,"column":112}}},"9":{"name":"(anonymous_9)","decl":{"start":{"line":53,"column":24},"end":{"line":53,"column":25}},"loc":{"start":{"line":53,"column":69},"end":{"line":53,"column":92}}},"10":{"name":"(anonymous_10)","decl":{"start":{"line":56,"column":27},"end":{"line":56,"column":28}},"loc":{"start":{"line":56,"column":58},"end":{"line":56,"column":89}}},"11":{"name":"(anonymous_11)","decl":{"start":{"line":57,"column":26},"end":{"line":57,"column":27}},"loc":{"start":{"line":57,"column":57},"end":{"line":57,"column":97}}}},"branchMap":{},"s":{"0":52,"1":52,"2":4,"3":0,"4":4,"5":4,"6":7,"7":4,"8":4,"9":0,"10":4,"11":4,"12":0,"13":4,"14":4,"15":0,"16":4,"17":4,"18":0,"19":4,"20":4,"21":0,"22":4,"23":4,"24":31,"25":4,"26":4,"27":14,"28":4,"29":4,"30":0,"31":4,"32":4,"33":0,"34":4},"f":{"0":52,"1":0,"2":7,"3":0,"4":0,"5":0,"6":0,"7":0,"8":31,"9":14,"10":0,"11":0},"b":{}}
,"D:\\project\\demo\\candy-paper\\src\\utils\\dataToString.ts": {"path":"D:\\project\\demo\\candy-paper\\src\\utils\\dataToString.ts","statementMap":{"0":{"start":{"line":2,"column":2},"end":{"line":7,"column":null}},"1":{"start":{"line":3,"column":4},"end":{"line":3,"column":null}},"2":{"start":{"line":5,"column":4},"end":{"line":5,"column":null}},"3":{"start":{"line":6,"column":4},"end":{"line":6,"column":null}},"4":{"start":{"line":1,"column":0},"end":{"line":1,"column":16}}},"fnMap":{"0":{"name":"dataToString","decl":{"start":{"line":1,"column":16},"end":{"line":1,"column":28}},"loc":{"start":{"line":1,"column":42},"end":{"line":8,"column":1}}}},"branchMap":{},"s":{"0":0,"1":0,"2":0,"3":0,"4":4},"f":{"0":0},"b":{}}
,"D:\\project\\demo\\candy-paper\\src\\utils\\index.ts": {"path":"D:\\project\\demo\\candy-paper\\src\\utils\\index.ts","statementMap":{"0":{"start":{"line":1,"column":0},"end":{"line":1,"column":23}},"1":{"start":{"line":2,"column":0},"end":{"line":2,"column":30}},"2":{"start":{"line":3,"column":0},"end":{"line":3,"column":29}},"3":{"start":{"line":4,"column":0},"end":{"line":4,"column":25}},"4":{"start":{"line":5,"column":0},"end":{"line":5,"column":35}}},"fnMap":{},"branchMap":{},"s":{"0":4,"1":4,"2":4,"3":4,"4":4},"f":{},"b":{}}
,"D:\\project\\demo\\candy-paper\\src\\utils\\isReqCancel.ts": {"path":"D:\\project\\demo\\candy-paper\\src\\utils\\isReqCancel.ts","statementMap":{"0":{"start":{"line":4,"column":2},"end":{"line":4,"column":null}},"1":{"start":{"line":3,"column":0},"end":{"line":3,"column":16}}},"fnMap":{"0":{"name":"isReqCancel","decl":{"start":{"line":3,"column":16},"end":{"line":3,"column":27}},"loc":{"start":{"line":3,"column":34},"end":{"line":5,"column":1}}}},"branchMap":{},"s":{"0":0,"1":4},"f":{"0":0},"b":{}}
,"D:\\project\\demo\\candy-paper\\src\\utils\\l-map.ts": {"path":"D:\\project\\demo\\candy-paper\\src\\utils\\l-map.ts","statementMap":{"0":{"start":{"line":14,"column":14},"end":{"line":14,"column":16}},"1":{"start":{"line":17,"column":4},"end":{"line":17,"column":null}},"2":{"start":{"line":18,"column":4},"end":{"line":18,"column":null}},"3":{"start":{"line":18,"column":38},"end":{"line":18,"column":57}},"4":{"start":{"line":22,"column":4},"end":{"line":22,"column":null}},"5":{"start":{"line":23,"column":4},"end":{"line":23,"column":null}},"6":{"start":{"line":24,"column":4},"end":{"line":24,"column":null}},"7":{"start":{"line":28,"column":4},"end":{"line":30,"column":null}},"8":{"start":{"line":29,"column":6},"end":{"line":29,"column":null}},"9":{"start":{"line":31,"column":19},"end":{"line":31,"column":36}},"10":{"start":{"line":33,"column":4},"end":{"line":35,"column":null}},"11":{"start":{"line":34,"column":6},"end":{"line":34,"column":null}},"12":{"start":{"line":34,"column":40},"end":{"line":34,"column":48}},"13":{"start":{"line":37,"column":4},"end":{"line":37,"column":null}},"14":{"start":{"line":41,"column":4},"end":{"line":41,"column":null}},"15":{"start":{"line":42,"column":4},"end":{"line":42,"column":null}},"16":{"start":{"line":49,"column":4},"end":{"line":51,"column":null}},"17":{"start":{"line":50,"column":6},"end":{"line":50,"column":12}},"18":{"start":{"line":53,"column":4},"end":{"line":55,"column":null}},"19":{"start":{"line":54,"column":6},"end":{"line":54,"column":null}},"20":{"start":{"line":57,"column":4},"end":{"line":57,"column":null}},"21":{"start":{"line":57,"column":25},"end":{"line":57,"column":36}},"22":{"start":{"line":57,"column":50},"end":{"line":57,"column":53}},"23":{"start":{"line":64,"column":4},"end":{"line":64,"column":null}},"24":{"start":{"line":64,"column":32},"end":{"line":64,"column":54}},"25":{"start":{"line":11,"column":0},"end":{"line":11,"column":13}}},"fnMap":{"0":{"name":"(anonymous_0)","decl":{"start":{"line":16,"column":2},"end":{"line":16,"column":14}},"loc":{"start":{"line":16,"column":59},"end":{"line":19,"column":3}}},"1":{"name":"(anonymous_1)","decl":{"start":{"line":18,"column":27},"end":{"line":18,"column":28}},"loc":{"start":{"line":18,"column":38},"end":{"line":18,"column":57}}},"2":{"name":"(anonymous_2)","decl":{"start":{"line":21,"column":2},"end":{"line":21,"column":6}},"loc":{"start":{"line":21,"column":23},"end":{"line":25,"column":3}}},"3":{"name":"(anonymous_3)","decl":{"start":{"line":27,"column":2},"end":{"line":27,"column":9}},"loc":{"start":{"line":27,"column":16},"end":{"line":38,"column":3}}},"4":{"name":"(anonymous_4)","decl":{"start":{"line":34,"column":35},"end":{"line":34,"column":36}},"loc":{"start":{"line":34,"column":40},"end":{"line":34,"column":48}}},"5":{"name":"(anonymous_5)","decl":{"start":{"line":40,"column":2},"end":{"line":40,"column":8}},"loc":{"start":{"line":40,"column":8},"end":{"line":43,"column":3}}},"6":{"name":"(anonymous_6)","decl":{"start":{"line":47,"column":2},"end":{"line":47,"column":6}},"loc":{"start":{"line":47,"column":20},"end":{"line":58,"column":3}}},"7":{"name":"(anonymous_7)","decl":{"start":{"line":57,"column":20},"end":{"line":57,"column":21}},"loc":{"start":{"line":57,"column":25},"end":{"line":57,"column":36}}},"8":{"name":"(anonymous_8)","decl":{"start":{"line":57,"column":45},"end":{"line":57,"column":46}},"loc":{"start":{"line":57,"column":50},"end":{"line":57,"column":53}}},"9":{"name":"(anonymous_9)","decl":{"start":{"line":63,"column":2},"end":{"line":63,"column":6}},"loc":{"start":{"line":63,"column":37},"end":{"line":65,"column":3}}},"10":{"name":"(anonymous_10)","decl":{"start":{"line":64,"column":25},"end":{"line":64,"column":28}},"loc":{"start":{"line":64,"column":32},"end":{"line":64,"column":54}}}},"branchMap":{"0":{"loc":{"start":{"line":18,"column":4},"end":{"line":18,"column":58}},"type":"binary-expr","locations":[{"start":{"line":18,"column":4},"end":{"line":18,"column":11}},{"start":{"line":18,"column":15},"end":{"line":18,"column":58}}]},"1":{"loc":{"start":{"line":28,"column":4},"end":{"line":30,"column":null}},"type":"if","locations":[{"start":{"line":28,"column":4},"end":{"line":30,"column":null}}]},"2":{"loc":{"start":{"line":33,"column":4},"end":{"line":35,"column":null}},"type":"if","locations":[{"start":{"line":33,"column":4},"end":{"line":35,"column":null}}]},"3":{"loc":{"start":{"line":49,"column":4},"end":{"line":51,"column":null}},"type":"if","locations":[{"start":{"line":49,"column":4},"end":{"line":51,"column":null}}]},"4":{"loc":{"start":{"line":53,"column":4},"end":{"line":55,"column":null}},"type":"if","locations":[{"start":{"line":53,"column":4},"end":{"line":55,"column":null}}]}},"s":{"0":26,"1":26,"2":26,"3":0,"4":9,"5":9,"6":9,"7":0,"8":0,"9":0,"10":0,"11":0,"12":0,"13":0,"14":0,"15":0,"16":0,"17":0,"18":0,"19":0,"20":0,"21":0,"22":0,"23":0,"24":0,"25":4},"f":{"0":26,"1":0,"2":9,"3":0,"4":0,"5":0,"6":0,"7":0,"8":0,"9":0,"10":0},"b":{"0":[26,0],"1":[0],"2":[0],"3":[0],"4":[0]}}
,"D:\\project\\demo\\candy-paper\\src\\utils\\storage.ts": {"path":"D:\\project\\demo\\candy-paper\\src\\utils\\storage.ts","statementMap":{"0":{"start":{"line":5,"column":21},"end":{"line":5,"column":35}},"1":{"start":{"line":6,"column":22},"end":{"line":6,"column":38}},"2":{"start":{"line":9,"column":4},"end":{"line":9,"column":null}},"3":{"start":{"line":10,"column":4},"end":{"line":12,"column":null}},"4":{"start":{"line":11,"column":6},"end":{"line":11,"column":null}},"5":{"start":{"line":16,"column":4},"end":{"line":20,"column":null}},"6":{"start":{"line":17,"column":6},"end":{"line":17,"column":null}},"7":{"start":{"line":19,"column":6},"end":{"line":19,"column":null}},"8":{"start":{"line":24,"column":4},"end":{"line":29,"column":null}},"9":{"start":{"line":25,"column":17},"end":{"line":25,"column":42}},"10":{"start":{"line":26,"column":6},"end":{"line":26,"column":null}},"11":{"start":{"line":28,"column":6},"end":{"line":28,"column":null}},"12":{"start":{"line":33,"column":4},"end":{"line":33,"column":null}},"13":{"start":{"line":4,"column":0},"end":{"line":4,"column":13}},"14":{"start":{"line":39,"column":2},"end":{"line":46,"column":null}},"15":{"start":{"line":40,"column":4},"end":{"line":45,"column":null}},"16":{"start":{"line":41,"column":22},"end":{"line":41,"column":44}},"17":{"start":{"line":42,"column":6},"end":{"line":42,"column":null}},"18":{"start":{"line":44,"column":6},"end":{"line":44,"column":null}},"19":{"start":{"line":38,"column":0},"end":{"line":38,"column":16}},"20":{"start":{"line":51,"column":2},"end":{"line":59,"column":null}},"21":{"start":{"line":52,"column":20},"end":{"line":52,"column":44}},"22":{"start":{"line":53,"column":4},"end":{"line":58,"column":null}},"23":{"start":{"line":54,"column":6},"end":{"line":54,"column":null}},"24":{"start":{"line":56,"column":6},"end":{"line":56,"column":null}},"25":{"start":{"line":57,"column":6},"end":{"line":57,"column":null}},"26":{"start":{"line":50,"column":0},"end":{"line":50,"column":16}}},"fnMap":{"0":{"name":"(anonymous_0)","decl":{"start":{"line":8,"column":2},"end":{"line":8,"column":14}},"loc":{"start":{"line":8,"column":32},"end":{"line":13,"column":3}}},"1":{"name":"(anonymous_1)","decl":{"start":{"line":15,"column":2},"end":{"line":15,"column":10}},"loc":{"start":{"line":15,"column":34},"end":{"line":21,"column":3}}},"2":{"name":"(anonymous_2)","decl":{"start":{"line":23,"column":2},"end":{"line":23,"column":10}},"loc":{"start":{"line":23,"column":25},"end":{"line":30,"column":3}}},"3":{"name":"(anonymous_3)","decl":{"start":{"line":32,"column":2},"end":{"line":32,"column":9}},"loc":{"start":{"line":32,"column":21},"end":{"line":34,"column":3}}},"4":{"name":"buildSetItem","decl":{"start":{"line":38,"column":16},"end":{"line":38,"column":28}},"loc":{"start":{"line":38,"column":83},"end":{"line":47,"column":1}}},"5":{"name":"(anonymous_5)","decl":{"start":{"line":39,"column":9},"end":{"line":39,"column":19}},"loc":{"start":{"line":39,"column":47},"end":{"line":46,"column":3}}},"6":{"name":"buildGetItem","decl":{"start":{"line":50,"column":16},"end":{"line":50,"column":28}},"loc":{"start":{"line":50,"column":83},"end":{"line":60,"column":1}}},"7":{"name":"(anonymous_7)","decl":{"start":{"line":51,"column":9},"end":{"line":51,"column":19}},"loc":{"start":{"line":51,"column":46},"end":{"line":59,"column":3}}}},"branchMap":{"0":{"loc":{"start":{"line":9,"column":19},"end":{"line":9,"column":74}},"type":"cond-expr","locations":[{"start":{"line":9,"column":45},"end":{"line":9,"column":57}},{"start":{"line":9,"column":60},"end":{"line":9,"column":74}}]},"1":{"loc":{"start":{"line":10,"column":4},"end":{"line":12,"column":null}},"type":"if","locations":[{"start":{"line":10,"column":4},"end":{"line":12,"column":null}}]},"2":{"loc":{"start":{"line":26,"column":13},"end":{"line":26,"column":44}},"type":"cond-expr","locations":[{"start":{"line":26,"column":18},"end":{"line":26,"column":32}},{"start":{"line":26,"column":35},"end":{"line":26,"column":44}}]},"3":{"loc":{"start":{"line":54,"column":13},"end":{"line":54,"column":49}},"type":"cond-expr","locations":[{"start":{"line":54,"column":23},"end":{"line":54,"column":42}},{"start":{"line":54,"column":45},"end":{"line":54,"column":49}}]}},"s":{"0":0,"1":0,"2":0,"3":0,"4":0,"5":0,"6":0,"7":0,"8":0,"9":0,"10":0,"11":0,"12":0,"13":4,"14":0,"15":0,"16":0,"17":0,"18":0,"19":4,"20":0,"21":0,"22":0,"23":0,"24":0,"25":0,"26":4},"f":{"0":0,"1":0,"2":0,"3":0,"4":0,"5":0,"6":0,"7":0},"b":{"0":[0,0],"1":[0],"2":[0,0],"3":[0,0]}}
,"D:\\project\\demo\\candy-paper\\src\\utils\\test-mock.ts": {"path":"D:\\project\\demo\\candy-paper\\src\\utils\\test-mock.ts","statementMap":{"0":{"start":{"line":3,"column":13},"end":{"line":6,"column":null}},"1":{"start":{"line":9,"column":23},"end":{"line":20,"column":1}},"2":{"start":{"line":10,"column":2},"end":{"line":19,"column":null}},"3":{"start":{"line":10,"column":42},"end":{"line":19,"column":4}},"4":{"start":{"line":11,"column":34},"end":{"line":17,"column":null}},"5":{"start":{"line":18,"column":4},"end":{"line":18,"column":null}},"6":{"start":{"line":9,"column":13},"end":{"line":9,"column":23}},"7":{"start":{"line":24,"column":30},"end":{"line":24,"column":34}},"8":{"start":{"line":25,"column":2},"end":{"line":28,"column":null}},"9":{"start":{"line":23,"column":0},"end":{"line":23,"column":16}}},"fnMap":{"0":{"name":"(anonymous_0)","decl":{"start":{"line":9,"column":23},"end":{"line":9,"column":27}},"loc":{"start":{"line":9,"column":78},"end":{"line":20,"column":1}}},"1":{"name":"(anonymous_1)","decl":{"start":{"line":10,"column":9},"end":{"line":10,"column":10}},"loc":{"start":{"line":10,"column":42},"end":{"line":19,"column":4}}},"2":{"name":"(anonymous_2)","decl":{"start":{"line":10,"column":72},"end":{"line":10,"column":73}},"loc":{"start":{"line":10,"column":92},"end":{"line":19,"column":3}}},"3":{"name":"buildReqConf","decl":{"start":{"line":23,"column":16},"end":{"line":23,"column":28}},"loc":{"start":{"line":23,"column":65},"end":{"line":29,"column":1}}}},"branchMap":{"0":{"loc":{"start":{"line":9,"column":36},"end":{"line":9,"column":74}},"type":"default-arg","locations":[{"start":{"line":9,"column":65},"end":{"line":9,"column":74}}]},"1":{"loc":{"start":{"line":18,"column":4},"end":{"line":18,"column":51}},"type":"cond-expr","locations":[{"start":{"line":18,"column":25},"end":{"line":18,"column":37}},{"start":{"line":18,"column":40},"end":{"line":18,"column":51}}]},"2":{"loc":{"start":{"line":23,"column":32},"end":{"line":23,"column":65}},"type":"default-arg","locations":[{"start":{"line":23,"column":63},"end":{"line":23,"column":65}}]},"3":{"loc":{"start":{"line":26,"column":21},"end":{"line":26,"column":33}},"type":"binary-expr","locations":[{"start":{"line":26,"column":21},"end":{"line":26,"column":25}},{"start":{"line":26,"column":29},"end":{"line":26,"column":33}}]}},"s":{"0":4,"1":4,"2":11,"3":10,"4":10,"5":10,"6":4,"7":11,"8":11,"9":4},"f":{"0":11,"1":10,"2":10,"3":11},"b":{"0":[11],"1":[10,0],"2":[11],"3":[11,11]}}
}
