TN:
SF:src\core\index.ts
FN:15,(anonymous_0)
FN:35,(anonymous_1)
FN:44,(anonymous_2)
FN:46,(anonymous_3)
FN:47,(anonymous_4)
FN:51,(anonymous_5)
FN:52,(anonymous_6)
FN:58,(anonymous_7)
FN:68,(anonymous_8)
FN:79,(anonymous_9)
FN:87,(anonymous_10)
FN:95,(anonymous_11)
FN:104,(anonymous_12)
FN:113,(anonymous_13)
FN:122,(anonymous_14)
FN:130,(anonymous_15)
FN:138,(anonymous_16)
FNF:17
FNH:6
FNDA:4,(anonymous_0)
FNDA:13,(anonymous_1)
FNDA:10,(anonymous_2)
FNDA:0,(anonymous_3)
FNDA:0,(anonymous_4)
FNDA:0,(anonymous_5)
FNDA:0,(anonymous_6)
FNDA:0,(anonymous_7)
FNDA:5,(anonymous_8)
FNDA:11,(anonymous_9)
FNDA:11,(anonymous_10)
FNDA:0,(anonymous_11)
FNDA:0,(anonymous_12)
FNDA:0,(anonymous_13)
FNDA:0,(anonymous_14)
FNDA:0,(anonymous_15)
FNDA:0,(anonymous_16)
DA:2,4
DA:3,4
DA:11,4
DA:16,4
DA:21,13
DA:36,13
DA:37,0
DA:38,13
DA:39,12
DA:46,10
DA:47,10
DA:48,10
DA:49,10
DA:51,10
DA:52,10
DA:54,10
DA:55,10
DA:58,0
DA:60,10
DA:61,10
DA:70,5
DA:71,0
DA:72,5
DA:73,5
DA:76,5
DA:80,11
DA:81,1
DA:83,10
DA:84,10
DA:88,11
DA:96,0
DA:105,0
DA:114,0
DA:123,0
DA:131,0
DA:139,0
LF:36
LH:27
BRDA:36,0,0,0
BRDA:36,0,1,13
BRDA:38,1,0,12
BRDA:48,2,0,10
BRDA:48,2,1,10
BRDA:49,3,0,10
BRDA:49,3,1,10
BRDA:70,4,0,0
BRDA:70,4,1,5
BRDA:72,5,0,5
BRDA:80,6,0,1
BRF:11
BRH:9
end_of_record
TN:
SF:src\interceptor\index.ts
FN:27,(anonymous_0)
FN:60,(anonymous_1)
FN:83,(anonymous_2)
FN:98,(anonymous_3)
FN:161,(anonymous_4)
FN:174,(anonymous_5)
FN:179,(anonymous_6)
FN:182,(anonymous_7)
FN:186,(anonymous_8)
FN:204,(anonymous_9)
FN:205,(anonymous_10)
FN:205,(anonymous_11)
FN:209,(anonymous_12)
FN:210,(anonymous_13)
FN:210,(anonymous_14)
FNF:15
FNH:6
FNDA:1,(anonymous_0)
FNDA:9,(anonymous_1)
FNDA:0,(anonymous_2)
FNDA:9,(anonymous_3)
FNDA:0,(anonymous_4)
FNDA:0,(anonymous_5)
FNDA:20,(anonymous_6)
FNDA:20,(anonymous_7)
FNDA:9,(anonymous_8)
FNDA:0,(anonymous_9)
FNDA:0,(anonymous_10)
FNDA:0,(anonymous_11)
FNDA:0,(anonymous_12)
FNDA:0,(anonymous_13)
FNDA:0,(anonymous_14)
DA:8,4
DA:21,4
DA:24,26
DA:28,1
DA:62,9
DA:63,0
DA:66,9
DA:67,9
DA:69,9
DA:84,0
DA:85,0
DA:88,0
DA:89,0
DA:94,0
DA:100,9
DA:103,9
DA:104,8
DA:105,8
DA:106,8
DA:109,9
DA:110,0
DA:111,0
DA:112,0
DA:113,0
DA:114,0
DA:115,0
DA:118,9
DA:119,0
DA:122,9
DA:123,0
DA:126,9
DA:128,9
DA:163,0
DA:164,0
DA:166,0
DA:169,0
DA:175,0
DA:182,20
DA:183,20
DA:186,20
DA:187,9
DA:190,9
DA:191,0
DA:193,9
DA:205,0
DA:210,0
LF:46
LH:24
BRDA:62,0,0,0
BRDA:84,1,0,0
BRDA:103,2,0,8
BRDA:106,3,0,8
BRDA:106,3,1,1
BRDA:109,4,0,0
BRDA:111,5,0,0
BRDA:111,5,1,0
BRDA:114,6,0,0
BRDA:114,6,1,0
BRDA:118,7,0,0
BRDA:122,8,0,0
BRDA:163,9,0,0
BRDA:163,9,1,0
BRDA:169,10,0,0
BRDA:169,10,1,0
BRDA:182,11,0,0
BRDA:182,11,1,20
BRDA:190,12,0,0
BRDA:193,13,0,9
BRDA:193,13,1,0
BRF:21
BRH:5
end_of_record
TN:
SF:src\middler\timetamp\index.ts
FN:5,defaultTimetamp
FN:38,(anonymous_1)
FN:45,(anonymous_2)
FN:54,(anonymous_3)
FN:60,(anonymous_4)
FN:61,(anonymous_5)
FNF:6
FNH:6
FNDA:1,defaultTimetamp
FNDA:3,(anonymous_1)
FNDA:3,(anonymous_2)
FNDA:3,(anonymous_3)
FNDA:3,(anonymous_4)
FNDA:3,(anonymous_5)
DA:3,1
DA:6,1
DA:9,1
DA:36,1
DA:39,3
DA:46,3
DA:47,0
DA:48,0
DA:50,3
DA:51,3
DA:55,3
DA:61,3
DA:63,3
DA:64,0
DA:67,3
DA:68,3
DA:70,3
DA:71,3
DA:73,3
DA:75,3
LF:20
LH:17
BRDA:45,0,0,1
BRDA:45,1,0,2
BRDA:46,2,0,0
BRDA:63,3,0,0
BRDA:67,4,0,3
BRF:5
BRH:3
end_of_record
TN:
SF:src\middler\tips\index.ts
FN:19,(anonymous_0)
FN:22,(anonymous_1)
FN:27,(anonymous_2)
FN:30,(anonymous_3)
FN:35,(anonymous_4)
FN:38,(anonymous_5)
FN:43,(anonymous_6)
FN:46,(anonymous_7)
FN:51,(anonymous_8)
FN:54,(anonymous_9)
FN:63,(anonymous_10)
FN:69,(anonymous_11)
FN:80,(anonymous_12)
FN:85,(anonymous_13)
FN:86,(anonymous_14)
FN:89,(anonymous_15)
FN:90,(anonymous_16)
FN:91,(anonymous_17)
FN:96,(anonymous_18)
FN:108,(anonymous_19)
FN:112,(anonymous_20)
FN:122,(anonymous_21)
FN:127,(anonymous_22)
FNF:23
FNH:6
FNDA:0,(anonymous_0)
FNDA:0,(anonymous_1)
FNDA:0,(anonymous_2)
FNDA:0,(anonymous_3)
FNDA:0,(anonymous_4)
FNDA:0,(anonymous_5)
FNDA:0,(anonymous_6)
FNDA:0,(anonymous_7)
FNDA:0,(anonymous_8)
FNDA:0,(anonymous_9)
FNDA:0,(anonymous_10)
FNDA:0,(anonymous_11)
FNDA:1,(anonymous_12)
FNDA:1,(anonymous_13)
FNDA:1,(anonymous_14)
FNDA:1,(anonymous_15)
FNDA:0,(anonymous_16)
FNDA:0,(anonymous_17)
FNDA:0,(anonymous_18)
FNDA:0,(anonymous_19)
FNDA:0,(anonymous_20)
FNDA:1,(anonymous_21)
FNDA:1,(anonymous_22)
DA:3,1
DA:5,1
DA:17,1
DA:20,0
DA:23,0
DA:28,0
DA:31,0
DA:36,0
DA:39,0
DA:44,0
DA:47,0
DA:52,0
DA:55,0
DA:60,1
DA:63,0
DA:67,1
DA:70,0
DA:77,1
DA:78,1
DA:81,1
DA:82,1
DA:86,1
DA:90,1
DA:91,0
DA:92,0
DA:93,0
DA:96,0
DA:97,0
DA:98,0
DA:101,0
DA:107,1
DA:109,0
DA:113,0
DA:120,1
DA:123,1
DA:126,1
DA:128,1
LF:37
LH:16
BRDA:44,0,0,0
BRDA:44,0,1,0
BRDA:82,1,0,1
BRDA:82,1,1,0
BRDA:92,2,0,0
BRDA:97,3,0,0
BRF:6
BRH:1
end_of_record
TN:
SF:src\middler\token\index.ts
FN:33,(anonymous_0)
FN:43,(anonymous_1)
FN:48,(anonymous_2)
FN:54,(anonymous_3)
FN:55,(anonymous_4)
FNF:5
FNH:5
FNDA:4,(anonymous_0)
FNDA:4,(anonymous_1)
FNDA:1,(anonymous_2)
FNDA:4,(anonymous_3)
FNDA:4,(anonymous_4)
DA:3,1
DA:5,1
DA:31,1
DA:34,4
DA:38,4
DA:44,4
DA:45,4
DA:49,1
DA:55,4
DA:56,4
DA:57,0
DA:60,4
DA:61,3
DA:64,4
DA:65,1
DA:67,4
DA:69,4
DA:70,4
LF:18
LH:17
BRDA:43,0,0,3
BRDA:56,1,0,0
BRDA:60,2,0,3
BRDA:64,3,0,1
BRF:4
BRH:3
end_of_record
TN:
SF:src\utils\assert.ts
FN:29,type
FN:39,isType
FN:45,(anonymous_2)
FN:46,(anonymous_3)
FN:47,(anonymous_4)
FN:48,(anonymous_5)
FN:49,(anonymous_6)
FN:51,(anonymous_7)
FN:52,(anonymous_8)
FN:53,(anonymous_9)
FN:56,(anonymous_10)
FN:57,(anonymous_11)
FNF:12
FNH:4
FNDA:52,type
FNDA:0,isType
FNDA:7,(anonymous_2)
FNDA:0,(anonymous_3)
FNDA:0,(anonymous_4)
FNDA:0,(anonymous_5)
FNDA:0,(anonymous_6)
FNDA:0,(anonymous_7)
FNDA:31,(anonymous_8)
FNDA:14,(anonymous_9)
FNDA:0,(anonymous_10)
FNDA:0,(anonymous_11)
DA:29,4
DA:30,52
DA:31,52
DA:39,4
DA:40,0
DA:45,7
DA:46,4
DA:47,4
DA:48,4
DA:49,4
DA:51,4
DA:52,31
DA:53,14
DA:56,4
DA:57,4
LF:15
LH:14
BRF:0
BRH:0
end_of_record
TN:
SF:src\utils\dataToString.ts
FN:1,dataToString
FNF:1
FNH:0
FNDA:0,dataToString
DA:1,4
DA:2,0
DA:3,0
DA:5,0
DA:6,0
LF:5
LH:1
BRF:0
BRH:0
end_of_record
TN:
SF:src\utils\index.ts
FNF:0
FNH:0
DA:1,4
DA:2,4
DA:3,4
DA:4,4
DA:5,4
LF:5
LH:5
BRF:0
BRH:0
end_of_record
TN:
SF:src\utils\isReqCancel.ts
FN:3,isReqCancel
FNF:1
FNH:0
FNDA:0,isReqCancel
DA:3,4
DA:4,0
LF:2
LH:1
BRF:0
BRH:0
end_of_record
TN:
SF:src\utils\l-map.ts
FN:16,(anonymous_0)
FN:18,(anonymous_1)
FN:21,(anonymous_2)
FN:27,(anonymous_3)
FN:34,(anonymous_4)
FN:40,(anonymous_5)
FN:47,(anonymous_6)
FN:57,(anonymous_7)
FN:57,(anonymous_8)
FN:63,(anonymous_9)
FN:64,(anonymous_10)
FNF:11
FNH:2
FNDA:26,(anonymous_0)
FNDA:0,(anonymous_1)
FNDA:9,(anonymous_2)
FNDA:0,(anonymous_3)
FNDA:0,(anonymous_4)
FNDA:0,(anonymous_5)
FNDA:0,(anonymous_6)
FNDA:0,(anonymous_7)
FNDA:0,(anonymous_8)
FNDA:0,(anonymous_9)
FNDA:0,(anonymous_10)
DA:11,4
DA:14,26
DA:17,26
DA:18,26
DA:22,9
DA:23,9
DA:24,9
DA:28,0
DA:29,0
DA:31,0
DA:33,0
DA:34,0
DA:37,0
DA:41,0
DA:42,0
DA:49,0
DA:50,0
DA:53,0
DA:54,0
DA:57,0
DA:64,0
LF:21
LH:7
BRDA:18,0,0,26
BRDA:18,0,1,0
BRDA:28,1,0,0
BRDA:33,2,0,0
BRDA:49,3,0,0
BRDA:53,4,0,0
BRF:6
BRH:1
end_of_record
TN:
SF:src\utils\storage.ts
FN:8,(anonymous_0)
FN:15,(anonymous_1)
FN:23,(anonymous_2)
FN:32,(anonymous_3)
FN:38,buildSetItem
FN:39,(anonymous_5)
FN:50,buildGetItem
FN:51,(anonymous_7)
FNF:8
FNH:0
FNDA:0,(anonymous_0)
FNDA:0,(anonymous_1)
FNDA:0,(anonymous_2)
FNDA:0,(anonymous_3)
FNDA:0,buildSetItem
FNDA:0,(anonymous_5)
FNDA:0,buildGetItem
FNDA:0,(anonymous_7)
DA:4,4
DA:5,0
DA:6,0
DA:9,0
DA:10,0
DA:11,0
DA:16,0
DA:17,0
DA:19,0
DA:24,0
DA:25,0
DA:26,0
DA:28,0
DA:33,0
DA:38,4
DA:39,0
DA:40,0
DA:41,0
DA:42,0
DA:44,0
DA:50,4
DA:51,0
DA:52,0
DA:53,0
DA:54,0
DA:56,0
DA:57,0
LF:27
LH:3
BRDA:9,0,0,0
BRDA:9,0,1,0
BRDA:10,1,0,0
BRDA:26,2,0,0
BRDA:26,2,1,0
BRDA:54,3,0,0
BRDA:54,3,1,0
BRF:7
BRH:0
end_of_record
TN:
SF:src\utils\test-mock.ts
FN:9,(anonymous_0)
FN:10,(anonymous_1)
FN:10,(anonymous_2)
FN:23,buildReqConf
FNF:4
FNH:4
FNDA:11,(anonymous_0)
FNDA:10,(anonymous_1)
FNDA:10,(anonymous_2)
FNDA:11,buildReqConf
DA:3,4
DA:9,4
DA:10,11
DA:11,10
DA:18,10
DA:23,4
DA:24,11
DA:25,11
LF:8
LH:8
BRDA:9,0,0,11
BRDA:18,1,0,10
BRDA:18,1,1,0
BRDA:23,2,0,11
BRDA:26,3,0,11
BRDA:26,3,1,11
BRF:6
BRH:5
end_of_record
