TN:
SF:src\core\index.ts
FN:15,(anonymous_0)
FN:35,(anonymous_1)
FN:44,(anonymous_2)
FN:46,(anonymous_3)
FN:47,(anonymous_4)
FN:51,(anonymous_5)
FN:52,(anonymous_6)
FN:58,(anonymous_7)
FN:68,(anonymous_8)
FN:73,(anonymous_9)
FN:81,(anonymous_10)
FN:89,(anonymous_11)
FN:98,(anonymous_12)
FN:107,(anonymous_13)
FN:116,(anonymous_14)
FN:124,(anonymous_15)
FN:132,(anonymous_16)
FNF:17
FNH:5
FNDA:1,(anonymous_0)
FNDA:3,(anonymous_1)
FNDA:2,(anonymous_2)
FNDA:0,(anonymous_3)
FNDA:0,(anonymous_4)
FNDA:0,(anonymous_5)
FNDA:0,(anonymous_6)
FNDA:0,(anonymous_7)
FNDA:0,(anonymous_8)
FNDA:3,(anonymous_9)
FNDA:3,(anonymous_10)
FNDA:0,(anonymous_11)
FNDA:0,(anonymous_12)
FNDA:0,(anonymous_13)
FNDA:0,(anonymous_14)
FNDA:0,(anonymous_15)
FNDA:0,(anonymous_16)
DA:3,1
DA:4,1
DA:11,1
DA:16,1
DA:21,3
DA:36,3
DA:37,0
DA:38,3
DA:39,2
DA:46,2
DA:47,2
DA:48,2
DA:49,2
DA:51,2
DA:52,2
DA:54,2
DA:55,2
DA:58,0
DA:60,2
DA:61,2
DA:69,0
DA:70,0
DA:74,3
DA:75,1
DA:77,2
DA:78,2
DA:82,3
DA:90,0
DA:99,0
DA:108,0
DA:117,0
DA:125,0
DA:133,0
LF:33
LH:23
BRDA:36,0,0,0
BRDA:36,0,1,3
BRDA:38,1,0,2
BRDA:48,2,0,2
BRDA:48,2,1,2
BRDA:49,3,0,2
BRDA:49,3,1,2
BRDA:74,4,0,1
BRF:8
BRH:7
end_of_record
TN:
SF:src\interceptor\index.ts
FN:27,(anonymous_0)
FN:60,(anonymous_1)
FN:83,(anonymous_2)
FN:98,(anonymous_3)
FN:161,(anonymous_4)
FN:174,(anonymous_5)
FN:179,(anonymous_6)
FN:182,(anonymous_7)
FN:186,(anonymous_8)
FN:204,(anonymous_9)
FN:205,(anonymous_10)
FN:205,(anonymous_11)
FN:209,(anonymous_12)
FN:210,(anonymous_13)
FN:210,(anonymous_14)
FNF:15
FNH:2
FNDA:0,(anonymous_0)
FNDA:0,(anonymous_1)
FNDA:0,(anonymous_2)
FNDA:0,(anonymous_3)
FNDA:0,(anonymous_4)
FNDA:0,(anonymous_5)
FNDA:4,(anonymous_6)
FNDA:4,(anonymous_7)
FNDA:0,(anonymous_8)
FNDA:0,(anonymous_9)
FNDA:0,(anonymous_10)
FNDA:0,(anonymous_11)
FNDA:0,(anonymous_12)
FNDA:0,(anonymous_13)
FNDA:0,(anonymous_14)
DA:8,1
DA:21,1
DA:24,6
DA:28,0
DA:62,0
DA:63,0
DA:66,0
DA:67,0
DA:69,0
DA:84,0
DA:85,0
DA:88,0
DA:89,0
DA:94,0
DA:100,0
DA:103,0
DA:104,0
DA:105,0
DA:106,0
DA:109,0
DA:110,0
DA:111,0
DA:112,0
DA:113,0
DA:114,0
DA:115,0
DA:118,0
DA:119,0
DA:122,0
DA:123,0
DA:126,0
DA:128,0
DA:163,0
DA:164,0
DA:166,0
DA:169,0
DA:175,0
DA:182,4
DA:183,4
DA:186,4
DA:187,0
DA:190,0
DA:191,0
DA:193,0
DA:205,0
DA:210,0
LF:46
LH:6
BRDA:62,0,0,0
BRDA:84,1,0,0
BRDA:103,2,0,0
BRDA:106,3,0,0
BRDA:106,3,1,0
BRDA:109,4,0,0
BRDA:111,5,0,0
BRDA:111,5,1,0
BRDA:114,6,0,0
BRDA:114,6,1,0
BRDA:118,7,0,0
BRDA:122,8,0,0
BRDA:163,9,0,0
BRDA:163,9,1,0
BRDA:169,10,0,0
BRDA:169,10,1,0
BRDA:182,11,0,0
BRDA:182,11,1,4
BRDA:190,12,0,0
BRDA:193,13,0,0
BRDA:193,13,1,0
BRF:21
BRH:1
end_of_record
TN:
SF:src\utils\assert.ts
FN:29,type
FN:39,isType
FN:45,(anonymous_2)
FN:46,(anonymous_3)
FN:47,(anonymous_4)
FN:48,(anonymous_5)
FN:49,(anonymous_6)
FN:51,(anonymous_7)
FN:52,(anonymous_8)
FN:53,(anonymous_9)
FN:56,(anonymous_10)
FN:57,(anonymous_11)
FNF:12
FNH:2
FNDA:3,type
FNDA:0,isType
FNDA:0,(anonymous_2)
FNDA:0,(anonymous_3)
FNDA:0,(anonymous_4)
FNDA:0,(anonymous_5)
FNDA:0,(anonymous_6)
FNDA:0,(anonymous_7)
FNDA:3,(anonymous_8)
FNDA:0,(anonymous_9)
FNDA:0,(anonymous_10)
FNDA:0,(anonymous_11)
DA:29,1
DA:30,3
DA:31,3
DA:39,1
DA:40,0
DA:45,1
DA:46,1
DA:47,1
DA:48,1
DA:49,1
DA:51,1
DA:52,3
DA:53,1
DA:56,1
DA:57,1
LF:15
LH:14
BRF:0
BRH:0
end_of_record
TN:
SF:src\utils\dataToString.ts
FN:1,dataToString
FNF:1
FNH:0
FNDA:0,dataToString
DA:1,1
DA:2,0
DA:3,0
DA:5,0
DA:6,0
LF:5
LH:1
BRF:0
BRH:0
end_of_record
TN:
SF:src\utils\index.ts
FNF:0
FNH:0
DA:1,1
DA:2,1
DA:3,1
DA:4,1
DA:5,1
LF:5
LH:5
BRF:0
BRH:0
end_of_record
TN:
SF:src\utils\isReqCancel.ts
FN:3,isReqCancel
FNF:1
FNH:0
FNDA:0,isReqCancel
DA:3,1
DA:4,0
LF:2
LH:1
BRF:0
BRH:0
end_of_record
TN:
SF:src\utils\l-map.ts
FN:16,(anonymous_0)
FN:18,(anonymous_1)
FN:21,(anonymous_2)
FN:27,(anonymous_3)
FN:34,(anonymous_4)
FN:40,(anonymous_5)
FN:47,(anonymous_6)
FN:57,(anonymous_7)
FN:57,(anonymous_8)
FN:63,(anonymous_9)
FN:64,(anonymous_10)
FNF:11
FNH:1
FNDA:6,(anonymous_0)
FNDA:0,(anonymous_1)
FNDA:0,(anonymous_2)
FNDA:0,(anonymous_3)
FNDA:0,(anonymous_4)
FNDA:0,(anonymous_5)
FNDA:0,(anonymous_6)
FNDA:0,(anonymous_7)
FNDA:0,(anonymous_8)
FNDA:0,(anonymous_9)
FNDA:0,(anonymous_10)
DA:11,1
DA:14,6
DA:17,6
DA:18,6
DA:22,0
DA:23,0
DA:24,0
DA:28,0
DA:29,0
DA:31,0
DA:33,0
DA:34,0
DA:37,0
DA:41,0
DA:42,0
DA:49,0
DA:50,0
DA:53,0
DA:54,0
DA:57,0
DA:64,0
LF:21
LH:4
BRDA:18,0,0,6
BRDA:18,0,1,0
BRDA:28,1,0,0
BRDA:33,2,0,0
BRDA:49,3,0,0
BRDA:53,4,0,0
BRF:6
BRH:1
end_of_record
TN:
SF:src\utils\storage.ts
FN:8,(anonymous_0)
FN:15,(anonymous_1)
FN:23,(anonymous_2)
FN:32,(anonymous_3)
FN:38,buildSetItem
FN:39,(anonymous_5)
FN:50,buildGetItem
FN:51,(anonymous_7)
FNF:8
FNH:0
FNDA:0,(anonymous_0)
FNDA:0,(anonymous_1)
FNDA:0,(anonymous_2)
FNDA:0,(anonymous_3)
FNDA:0,buildSetItem
FNDA:0,(anonymous_5)
FNDA:0,buildGetItem
FNDA:0,(anonymous_7)
DA:4,1
DA:5,0
DA:6,0
DA:9,0
DA:10,0
DA:11,0
DA:16,0
DA:17,0
DA:19,0
DA:24,0
DA:25,0
DA:26,0
DA:28,0
DA:33,0
DA:38,1
DA:39,0
DA:40,0
DA:41,0
DA:42,0
DA:44,0
DA:50,1
DA:51,0
DA:52,0
DA:53,0
DA:54,0
DA:56,0
DA:57,0
LF:27
LH:3
BRDA:9,0,0,0
BRDA:9,0,1,0
BRDA:10,1,0,0
BRDA:26,2,0,0
BRDA:26,2,1,0
BRDA:54,3,0,0
BRDA:54,3,1,0
BRF:7
BRH:0
end_of_record
TN:
SF:src\utils\test-mock.ts
FN:12,(anonymous_1)
FN:13,(anonymous_2)
FN:13,(anonymous_3)
FN:26,buildReqConf
FNF:4
FNH:4
FNDA:3,(anonymous_1)
FNDA:2,(anonymous_2)
FNDA:2,(anonymous_3)
FNDA:3,buildReqConf
DA:2,1
DA:4,1
DA:9,1
DA:12,1
DA:13,3
DA:14,2
DA:21,2
DA:26,1
DA:27,3
DA:28,3
LF:10
LH:10
BRDA:12,0,0,3
BRDA:21,1,0,2
BRDA:21,1,1,0
BRDA:26,2,0,3
BRDA:29,3,0,3
BRDA:29,3,1,3
BRF:6
BRH:5
end_of_record
